{"/home/etec/Documentos/Homy/HomyProyecto/src/cart/Cart.jsx": {"path":"/home/etec/Documentos/Homy/HomyProyecto/src/cart/Cart.jsx","statementMap":{"0":{"start":{"line":16,"column":2},"end":{"line":16,"column":28}},"1":{"start":{"line":16,"column":16},"end":{"line":16,"column":28}},"2":{"start":{"line":19,"column":2},"end":{"line":64,"column":4}},"3":{"start":{"line":35,"column":28},"end":{"line":35,"column":46}},"4":{"start":{"line":36,"column":14},"end":{"line":45,"column":16}},"5":{"start":{"line":40,"column":43},"end":{"line":40,"column":63}},"6":{"start":{"line":42,"column":43},"end":{"line":42,"column":58}}},"fnMap":{"0":{"name":"Cart","decl":{"start":{"line":15,"column":9},"end":{"line":15,"column":13}},"loc":{"start":{"line":15,"column":98},"end":{"line":65,"column":1}},"line":15},"1":{"name":"(anonymous_1)","decl":{"start":{"line":34,"column":23},"end":{"line":34,"column":24}},"loc":{"start":{"line":34,"column":38},"end":{"line":46,"column":13}},"line":34},"2":{"name":"(anonymous_2)","decl":{"start":{"line":40,"column":37},"end":{"line":40,"column":38}},"loc":{"start":{"line":40,"column":43},"end":{"line":40,"column":63}},"line":40},"3":{"name":"(anonymous_3)","decl":{"start":{"line":42,"column":37},"end":{"line":42,"column":38}},"loc":{"start":{"line":42,"column":43},"end":{"line":42,"column":58}},"line":42}},"branchMap":{"0":{"loc":{"start":{"line":15,"column":34},"end":{"line":15,"column":44}},"type":"default-arg","locations":[{"start":{"line":15,"column":42},"end":{"line":15,"column":44}}],"line":15},"1":{"loc":{"start":{"line":16,"column":2},"end":{"line":16,"column":28}},"type":"if","locations":[{"start":{"line":16,"column":2},"end":{"line":16,"column":28}},{"start":{},"end":{}}],"line":16},"2":{"loc":{"start":{"line":20,"column":37},"end":{"line":20,"column":67}},"type":"cond-expr","locations":[{"start":{"line":20,"column":47},"end":{"line":20,"column":62}},{"start":{"line":20,"column":65},"end":{"line":20,"column":67}}],"line":20},"3":{"loc":{"start":{"line":30,"column":7},"end":{"line":62,"column":7}},"type":"cond-expr","locations":[{"start":{"line":32,"column":8},"end":{"line":51,"column":11}},{"start":{"line":54,"column":8},"end":{"line":61,"column":14}}],"line":30}},"s":{"0":1,"1":0,"2":1,"3":2,"4":2,"5":0,"6":0},"f":{"0":1,"1":2,"2":0,"3":0},"b":{"0":[0],"1":[0,1],"2":[1,0],"3":[1,0]},"_coverageSchema":"1a1c01bbd47fc00a2c39e90264f33305004495a9","hash":"2d5752191353b1c634339f94543b19ac379673f1"}
,"/home/etec/Documentos/Homy/HomyProyecto/src/components/AdminOrders.jsx": {"path":"/home/etec/Documentos/Homy/HomyProyecto/src/components/AdminOrders.jsx","statementMap":{"0":{"start":{"line":3,"column":20},"end":{"line":102,"column":1}},"1":{"start":{"line":4,"column":30},"end":{"line":4,"column":42}},"2":{"start":{"line":5,"column":32},"end":{"line":5,"column":46}},"3":{"start":{"line":6,"column":28},"end":{"line":6,"column":42}},"4":{"start":{"line":9,"column":40},"end":{"line":9,"column":51}},"5":{"start":{"line":10,"column":24},"end":{"line":10,"column":26}},"6":{"start":{"line":12,"column":2},"end":{"line":23,"column":9}},"7":{"start":{"line":13,"column":4},"end":{"line":22,"column":9}},"8":{"start":{"line":14,"column":21},"end":{"line":14,"column":31}},"9":{"start":{"line":16,"column":8},"end":{"line":16,"column":24}},"10":{"start":{"line":17,"column":8},"end":{"line":17,"column":26}},"11":{"start":{"line":20,"column":8},"end":{"line":20,"column":49}},"12":{"start":{"line":21,"column":8},"end":{"line":21,"column":26}},"13":{"start":{"line":25,"column":2},"end":{"line":25,"column":49}},"14":{"start":{"line":25,"column":15},"end":{"line":25,"column":49}},"15":{"start":{"line":26,"column":2},"end":{"line":26,"column":60}},"16":{"start":{"line":26,"column":13},"end":{"line":26,"column":60}},"17":{"start":{"line":27,"column":2},"end":{"line":27,"column":69}},"18":{"start":{"line":27,"column":27},"end":{"line":27,"column":69}},"19":{"start":{"line":30,"column":27},"end":{"line":30,"column":54}},"20":{"start":{"line":31,"column":28},"end":{"line":31,"column":60}},"21":{"start":{"line":32,"column":24},"end":{"line":32,"column":73}},"22":{"start":{"line":33,"column":21},"end":{"line":33,"column":61}},"23":{"start":{"line":35,"column":22},"end":{"line":42,"column":3}},"24":{"start":{"line":36,"column":4},"end":{"line":40,"column":5}},"25":{"start":{"line":37,"column":6},"end":{"line":37,"column":46}},"26":{"start":{"line":38,"column":11},"end":{"line":40,"column":5}},"27":{"start":{"line":39,"column":6},"end":{"line":39,"column":36}},"28":{"start":{"line":41,"column":4},"end":{"line":41,"column":17}},"29":{"start":{"line":44,"column":2},"end":{"line":101,"column":4}},"30":{"start":{"line":51,"column":14},"end":{"line":61,"column":19}},"31":{"start":{"line":67,"column":12},"end":{"line":76,"column":17}},"32":{"start":{"line":69,"column":16},"end":{"line":74,"column":21}},"33":{"start":{"line":83,"column":54},"end":{"line":83,"column":59}},"34":{"start":{"line":84,"column":10},"end":{"line":97,"column":19}},"35":{"start":{"line":86,"column":27},"end":{"line":86,"column":46}}},"fnMap":{"0":{"name":"(anonymous_0)","decl":{"start":{"line":3,"column":20},"end":{"line":3,"column":21}},"loc":{"start":{"line":3,"column":26},"end":{"line":102,"column":1}},"line":3},"1":{"name":"(anonymous_1)","decl":{"start":{"line":12,"column":12},"end":{"line":12,"column":13}},"loc":{"start":{"line":12,"column":18},"end":{"line":23,"column":3}},"line":12},"2":{"name":"(anonymous_2)","decl":{"start":{"line":14,"column":12},"end":{"line":14,"column":13}},"loc":{"start":{"line":14,"column":21},"end":{"line":14,"column":31}},"line":14},"3":{"name":"(anonymous_3)","decl":{"start":{"line":15,"column":12},"end":{"line":15,"column":13}},"loc":{"start":{"line":15,"column":22},"end":{"line":18,"column":7}},"line":15},"4":{"name":"(anonymous_4)","decl":{"start":{"line":19,"column":13},"end":{"line":19,"column":14}},"loc":{"start":{"line":19,"column":22},"end":{"line":22,"column":7}},"line":19},"5":{"name":"(anonymous_5)","decl":{"start":{"line":35,"column":22},"end":{"line":35,"column":23}},"loc":{"start":{"line":35,"column":38},"end":{"line":42,"column":3}},"line":35},"6":{"name":"(anonymous_6)","decl":{"start":{"line":50,"column":40},"end":{"line":50,"column":41}},"loc":{"start":{"line":51,"column":14},"end":{"line":61,"column":19}},"line":51},"7":{"name":"(anonymous_7)","decl":{"start":{"line":66,"column":29},"end":{"line":66,"column":30}},"loc":{"start":{"line":67,"column":12},"end":{"line":76,"column":17}},"line":67},"8":{"name":"(anonymous_8)","decl":{"start":{"line":68,"column":41},"end":{"line":68,"column":42}},"loc":{"start":{"line":69,"column":16},"end":{"line":74,"column":21}},"line":69},"9":{"name":"(anonymous_9)","decl":{"start":{"line":83,"column":44},"end":{"line":83,"column":45}},"loc":{"start":{"line":83,"column":54},"end":{"line":83,"column":59}},"line":83},"10":{"name":"(anonymous_10)","decl":{"start":{"line":83,"column":65},"end":{"line":83,"column":66}},"loc":{"start":{"line":84,"column":10},"end":{"line":97,"column":19}},"line":84},"11":{"name":"(anonymous_11)","decl":{"start":{"line":86,"column":21},"end":{"line":86,"column":22}},"loc":{"start":{"line":86,"column":27},"end":{"line":86,"column":46}},"line":86}},"branchMap":{"0":{"loc":{"start":{"line":25,"column":2},"end":{"line":25,"column":49}},"type":"if","locations":[{"start":{"line":25,"column":2},"end":{"line":25,"column":49}},{"start":{},"end":{}}],"line":25},"1":{"loc":{"start":{"line":26,"column":2},"end":{"line":26,"column":60}},"type":"if","locations":[{"start":{"line":26,"column":2},"end":{"line":26,"column":60}},{"start":{},"end":{}}],"line":26},"2":{"loc":{"start":{"line":27,"column":2},"end":{"line":27,"column":69}},"type":"if","locations":[{"start":{"line":27,"column":2},"end":{"line":27,"column":69}},{"start":{},"end":{}}],"line":27},"3":{"loc":{"start":{"line":36,"column":4},"end":{"line":40,"column":5}},"type":"if","locations":[{"start":{"line":36,"column":4},"end":{"line":40,"column":5}},{"start":{"line":38,"column":11},"end":{"line":40,"column":5}}],"line":36},"4":{"loc":{"start":{"line":38,"column":11},"end":{"line":40,"column":5}},"type":"if","locations":[{"start":{"line":38,"column":11},"end":{"line":40,"column":5}},{"start":{},"end":{}}],"line":38},"5":{"loc":{"start":{"line":89,"column":26},"end":{"line":89,"column":69}},"type":"cond-expr","locations":[{"start":{"line":89,"column":48},"end":{"line":89,"column":57}},{"start":{"line":89,"column":60},"end":{"line":89,"column":69}}],"line":89},"6":{"loc":{"start":{"line":90,"column":21},"end":{"line":90,"column":58}},"type":"cond-expr","locations":[{"start":{"line":90,"column":43},"end":{"line":90,"column":49}},{"start":{"line":90,"column":52},"end":{"line":90,"column":58}}],"line":90}},"s":{"0":0,"1":0,"2":0,"3":0,"4":0,"5":0,"6":0,"7":0,"8":0,"9":0,"10":0,"11":0,"12":0,"13":0,"14":0,"15":0,"16":0,"17":0,"18":0,"19":0,"20":0,"21":0,"22":0,"23":0,"24":0,"25":0,"26":0,"27":0,"28":0,"29":0,"30":0,"31":0,"32":0,"33":0,"34":0,"35":0},"f":{"0":0,"1":0,"2":0,"3":0,"4":0,"5":0,"6":0,"7":0,"8":0,"9":0,"10":0,"11":0},"b":{"0":[0,0],"1":[0,0],"2":[0,0],"3":[0,0],"4":[0,0],"5":[0,0],"6":[0,0]}}
,"/home/etec/Documentos/Homy/HomyProyecto/src/components/Cart.jsx": {"path":"/home/etec/Documentos/Homy/HomyProyecto/src/components/Cart.jsx","statementMap":{"0":{"start":{"line":6,"column":28},"end":{"line":6,"column":40}},"1":{"start":{"line":8,"column":2},"end":{"line":27,"column":4}},"2":{"start":{"line":20,"column":12},"end":{"line":22,"column":18}}},"fnMap":{"0":{"name":"Cart","decl":{"start":{"line":4,"column":9},"end":{"line":4,"column":13}},"loc":{"start":{"line":4,"column":16},"end":{"line":28,"column":1}},"line":4},"1":{"name":"(anonymous_1)","decl":{"start":{"line":19,"column":21},"end":{"line":19,"column":22}},"loc":{"start":{"line":20,"column":12},"end":{"line":22,"column":18}},"line":20}},"branchMap":{"0":{"loc":{"start":{"line":11,"column":7},"end":{"line":25,"column":7}},"type":"cond-expr","locations":[{"start":{"line":12,"column":8},"end":{"line":15,"column":14}},{"start":{"line":17,"column":8},"end":{"line":24,"column":14}}],"line":11}},"s":{"0":0,"1":0,"2":0},"f":{"0":0,"1":0},"b":{"0":[0,0]}}
,"/home/etec/Documentos/Homy/HomyProyecto/src/components/Checkout.jsx": {"path":"/home/etec/Documentos/Homy/HomyProyecto/src/components/Checkout.jsx","statementMap":{"0":{"start":{"line":4,"column":19},"end":{"line":8,"column":1}},"1":{"start":{"line":10,"column":17},"end":{"line":282,"column":1}},"2":{"start":{"line":11,"column":28},"end":{"line":11,"column":39}},"3":{"start":{"line":12,"column":26},"end":{"line":12,"column":41}},"4":{"start":{"line":13,"column":44},"end":{"line":13,"column":56}},"5":{"start":{"line":14,"column":28},"end":{"line":14,"column":61}},"6":{"start":{"line":15,"column":34},"end":{"line":20,"column":4}},"7":{"start":{"line":21,"column":28},"end":{"line":21,"column":40}},"8":{"start":{"line":22,"column":40},"end":{"line":22,"column":55}},"9":{"start":{"line":23,"column":42},"end":{"line":23,"column":56}},"10":{"start":{"line":24,"column":34},"end":{"line":24,"column":46}},"11":{"start":{"line":26,"column":2},"end":{"line":32,"column":18}},"12":{"start":{"line":27,"column":24},"end":{"line":30,"column":5}},"13":{"start":{"line":28,"column":21},"end":{"line":28,"column":69}},"14":{"start":{"line":31,"column":4},"end":{"line":31,"column":26}},"15":{"start":{"line":35,"column":2},"end":{"line":42,"column":9}},"16":{"start":{"line":36,"column":18},"end":{"line":36,"column":22}},"17":{"start":{"line":37,"column":4},"end":{"line":40,"column":37}},"18":{"start":{"line":38,"column":17},"end":{"line":38,"column":37}},"19":{"start":{"line":39,"column":22},"end":{"line":39,"column":59}},"20":{"start":{"line":39,"column":35},"end":{"line":39,"column":59}},"21":{"start":{"line":41,"column":4},"end":{"line":41,"column":37}},"22":{"start":{"line":41,"column":19},"end":{"line":41,"column":34}},"23":{"start":{"line":44,"column":24},"end":{"line":116,"column":3}},"24":{"start":{"line":45,"column":4},"end":{"line":45,"column":23}},"25":{"start":{"line":46,"column":4},"end":{"line":46,"column":17}},"26":{"start":{"line":49,"column":4},"end":{"line":52,"column":5}},"27":{"start":{"line":50,"column":6},"end":{"line":50,"column":59}},"28":{"start":{"line":51,"column":6},"end":{"line":51,"column":13}},"29":{"start":{"line":54,"column":4},"end":{"line":85,"column":5}},"30":{"start":{"line":55,"column":38},"end":{"line":55,"column":46}},"31":{"start":{"line":56,"column":6},"end":{"line":59,"column":7}},"32":{"start":{"line":57,"column":8},"end":{"line":57,"column":54}},"33":{"start":{"line":58,"column":8},"end":{"line":58,"column":15}},"34":{"start":{"line":61,"column":18},"end":{"line":61,"column":44}},"35":{"start":{"line":62,"column":6},"end":{"line":65,"column":7}},"36":{"start":{"line":63,"column":8},"end":{"line":63,"column":64}},"37":{"start":{"line":64,"column":8},"end":{"line":64,"column":15}},"38":{"start":{"line":67,"column":20},"end":{"line":67,"column":56}},"39":{"start":{"line":67,"column":47},"end":{"line":67,"column":55}},"40":{"start":{"line":68,"column":6},"end":{"line":71,"column":7}},"41":{"start":{"line":69,"column":8},"end":{"line":69,"column":71}},"42":{"start":{"line":70,"column":8},"end":{"line":70,"column":15}},"43":{"start":{"line":72,"column":20},"end":{"line":72,"column":42}},"44":{"start":{"line":73,"column":17},"end":{"line":73,"column":39}},"45":{"start":{"line":74,"column":6},"end":{"line":74,"column":46}},"46":{"start":{"line":74,"column":33},"end":{"line":74,"column":46}},"47":{"start":{"line":75,"column":18},"end":{"line":75,"column":28}},"48":{"start":{"line":76,"column":22},"end":{"line":76,"column":50}},"49":{"start":{"line":77,"column":6},"end":{"line":80,"column":7}},"50":{"start":{"line":78,"column":8},"end":{"line":78,"column":68}},"51":{"start":{"line":79,"column":8},"end":{"line":79,"column":15}},"52":{"start":{"line":81,"column":6},"end":{"line":84,"column":7}},"53":{"start":{"line":82,"column":8},"end":{"line":82,"column":50}},"54":{"start":{"line":83,"column":8},"end":{"line":83,"column":15}},"55":{"start":{"line":88,"column":4},"end":{"line":115,"column":12}},"56":{"start":{"line":90,"column":23},"end":{"line":97,"column":7}},"57":{"start":{"line":98,"column":25},"end":{"line":98,"column":73}},"58":{"start":{"line":99,"column":6},"end":{"line":99,"column":80}},"59":{"start":{"line":101,"column":6},"end":{"line":101,"column":32}},"60":{"start":{"line":104,"column":6},"end":{"line":106,"column":7}},"61":{"start":{"line":105,"column":8},"end":{"line":105,"column":25}},"62":{"start":{"line":107,"column":6},"end":{"line":111,"column":7}},"63":{"start":{"line":108,"column":8},"end":{"line":108,"column":45}},"64":{"start":{"line":110,"column":8},"end":{"line":110,"column":72}},"65":{"start":{"line":114,"column":6},"end":{"line":114,"column":20}},"66":{"start":{"line":118,"column":2},"end":{"line":179,"column":3}},"67":{"start":{"line":120,"column":6},"end":{"line":124,"column":34}},"68":{"start":{"line":125,"column":24},"end":{"line":131,"column":5}},"69":{"start":{"line":127,"column":21},"end":{"line":127,"column":71}},"70":{"start":{"line":128,"column":19},"end":{"line":128,"column":67}},"71":{"start":{"line":129,"column":6},"end":{"line":129,"column":38}},"72":{"start":{"line":129,"column":16},"end":{"line":129,"column":38}},"73":{"start":{"line":130,"column":6},"end":{"line":130,"column":27}},"74":{"start":{"line":133,"column":25},"end":{"line":133,"column":52}},"75":{"start":{"line":133,"column":31},"end":{"line":133,"column":52}},"76":{"start":{"line":135,"column":4},"end":{"line":178,"column":6}},"77":{"start":{"line":147,"column":34},"end":{"line":147,"column":68}},"78":{"start":{"line":152,"column":49},"end":{"line":152,"column":68}},"79":{"start":{"line":163,"column":22},"end":{"line":163,"column":86}},"80":{"start":{"line":181,"column":2},"end":{"line":190,"column":3}},"81":{"start":{"line":182,"column":4},"end":{"line":189,"column":6}},"82":{"start":{"line":184,"column":52},"end":{"line":184,"column":73}},"83":{"start":{"line":192,"column":2},"end":{"line":281,"column":4}},"84":{"start":{"line":194,"column":50},"end":{"line":194,"column":71}},"85":{"start":{"line":201,"column":10},"end":{"line":204,"column":15}},"86":{"start":{"line":216,"column":27},"end":{"line":216,"column":71}},"87":{"start":{"line":222,"column":27},"end":{"line":222,"column":72}},"88":{"start":{"line":226,"column":55},"end":{"line":226,"column":87}},"89":{"start":{"line":237,"column":16},"end":{"line":239,"column":23}},"90":{"start":{"line":247,"column":31},"end":{"line":247,"column":83}},"91":{"start":{"line":253,"column":31},"end":{"line":253,"column":82}},"92":{"start":{"line":260,"column":33},"end":{"line":260,"column":85}},"93":{"start":{"line":267,"column":33},"end":{"line":267,"column":82}}},"fnMap":{"0":{"name":"(anonymous_0)","decl":{"start":{"line":10,"column":17},"end":{"line":10,"column":18}},"loc":{"start":{"line":10,"column":50},"end":{"line":282,"column":1}},"line":10},"1":{"name":"(anonymous_1)","decl":{"start":{"line":26,"column":12},"end":{"line":26,"column":13}},"loc":{"start":{"line":26,"column":18},"end":{"line":32,"column":3}},"line":26},"2":{"name":"(anonymous_2)","decl":{"start":{"line":28,"column":6},"end":{"line":28,"column":7}},"loc":{"start":{"line":28,"column":21},"end":{"line":28,"column":69}},"line":28},"3":{"name":"(anonymous_3)","decl":{"start":{"line":35,"column":12},"end":{"line":35,"column":13}},"loc":{"start":{"line":35,"column":18},"end":{"line":42,"column":3}},"line":35},"4":{"name":"(anonymous_4)","decl":{"start":{"line":38,"column":12},"end":{"line":38,"column":13}},"loc":{"start":{"line":38,"column":17},"end":{"line":38,"column":37}},"line":38},"5":{"name":"(anonymous_5)","decl":{"start":{"line":39,"column":12},"end":{"line":39,"column":13}},"loc":{"start":{"line":39,"column":20},"end":{"line":39,"column":61}},"line":39},"6":{"name":"(anonymous_6)","decl":{"start":{"line":40,"column":13},"end":{"line":40,"column":14}},"loc":{"start":{"line":40,"column":19},"end":{"line":40,"column":35}},"line":40},"7":{"name":"(anonymous_7)","decl":{"start":{"line":41,"column":11},"end":{"line":41,"column":12}},"loc":{"start":{"line":41,"column":17},"end":{"line":41,"column":36}},"line":41},"8":{"name":"(anonymous_8)","decl":{"start":{"line":44,"column":24},"end":{"line":44,"column":25}},"loc":{"start":{"line":44,"column":31},"end":{"line":116,"column":3}},"line":44},"9":{"name":"(anonymous_9)","decl":{"start":{"line":67,"column":42},"end":{"line":67,"column":43}},"loc":{"start":{"line":67,"column":47},"end":{"line":67,"column":55}},"line":67},"10":{"name":"(anonymous_10)","decl":{"start":{"line":88,"column":15},"end":{"line":88,"column":16}},"loc":{"start":{"line":88,"column":21},"end":{"line":115,"column":5}},"line":88},"11":{"name":"(anonymous_11)","decl":{"start":{"line":125,"column":24},"end":{"line":125,"column":25}},"loc":{"start":{"line":125,"column":30},"end":{"line":131,"column":5}},"line":125},"12":{"name":"(anonymous_12)","decl":{"start":{"line":133,"column":25},"end":{"line":133,"column":26}},"loc":{"start":{"line":133,"column":31},"end":{"line":133,"column":52}},"line":133},"13":{"name":"(anonymous_13)","decl":{"start":{"line":147,"column":27},"end":{"line":147,"column":28}},"loc":{"start":{"line":147,"column":34},"end":{"line":147,"column":68}},"line":147},"14":{"name":"(anonymous_14)","decl":{"start":{"line":152,"column":44},"end":{"line":152,"column":45}},"loc":{"start":{"line":152,"column":49},"end":{"line":152,"column":68}},"line":152},"15":{"name":"(anonymous_15)","decl":{"start":{"line":162,"column":44},"end":{"line":162,"column":45}},"loc":{"start":{"line":163,"column":22},"end":{"line":163,"column":86}},"line":163},"16":{"name":"(anonymous_16)","decl":{"start":{"line":184,"column":46},"end":{"line":184,"column":47}},"loc":{"start":{"line":184,"column":52},"end":{"line":184,"column":73}},"line":184},"17":{"name":"(anonymous_17)","decl":{"start":{"line":194,"column":44},"end":{"line":194,"column":45}},"loc":{"start":{"line":194,"column":50},"end":{"line":194,"column":71}},"line":194},"18":{"name":"(anonymous_18)","decl":{"start":{"line":200,"column":23},"end":{"line":200,"column":24}},"loc":{"start":{"line":201,"column":10},"end":{"line":204,"column":15}},"line":201},"19":{"name":"(anonymous_19)","decl":{"start":{"line":216,"column":20},"end":{"line":216,"column":21}},"loc":{"start":{"line":216,"column":27},"end":{"line":216,"column":71}},"line":216},"20":{"name":"(anonymous_20)","decl":{"start":{"line":222,"column":20},"end":{"line":222,"column":21}},"loc":{"start":{"line":222,"column":27},"end":{"line":222,"column":72}},"line":222},"21":{"name":"(anonymous_21)","decl":{"start":{"line":226,"column":48},"end":{"line":226,"column":49}},"loc":{"start":{"line":226,"column":55},"end":{"line":226,"column":87}},"line":226},"22":{"name":"(anonymous_22)","decl":{"start":{"line":236,"column":30},"end":{"line":236,"column":31}},"loc":{"start":{"line":237,"column":16},"end":{"line":239,"column":23}},"line":237},"23":{"name":"(anonymous_23)","decl":{"start":{"line":247,"column":24},"end":{"line":247,"column":25}},"loc":{"start":{"line":247,"column":31},"end":{"line":247,"column":83}},"line":247},"24":{"name":"(anonymous_24)","decl":{"start":{"line":253,"column":24},"end":{"line":253,"column":25}},"loc":{"start":{"line":253,"column":31},"end":{"line":253,"column":82}},"line":253},"25":{"name":"(anonymous_25)","decl":{"start":{"line":260,"column":26},"end":{"line":260,"column":27}},"loc":{"start":{"line":260,"column":33},"end":{"line":260,"column":85}},"line":260},"26":{"name":"(anonymous_26)","decl":{"start":{"line":267,"column":26},"end":{"line":267,"column":27}},"loc":{"start":{"line":267,"column":33},"end":{"line":267,"column":82}},"line":267}},"branchMap":{"0":{"loc":{"start":{"line":38,"column":17},"end":{"line":38,"column":37}},"type":"cond-expr","locations":[{"start":{"line":38,"column":24},"end":{"line":38,"column":32}},{"start":{"line":38,"column":35},"end":{"line":38,"column":37}}],"line":38},"1":{"loc":{"start":{"line":39,"column":22},"end":{"line":39,"column":59}},"type":"if","locations":[{"start":{"line":39,"column":22},"end":{"line":39,"column":59}},{"start":{},"end":{}}],"line":39},"2":{"loc":{"start":{"line":39,"column":47},"end":{"line":39,"column":57}},"type":"binary-expr","locations":[{"start":{"line":39,"column":47},"end":{"line":39,"column":51}},{"start":{"line":39,"column":55},"end":{"line":39,"column":57}}],"line":39},"3":{"loc":{"start":{"line":49,"column":4},"end":{"line":52,"column":5}},"type":"if","locations":[{"start":{"line":49,"column":4},"end":{"line":52,"column":5}},{"start":{},"end":{}}],"line":49},"4":{"loc":{"start":{"line":49,"column":8},"end":{"line":49,"column":53}},"type":"binary-expr","locations":[{"start":{"line":49,"column":8},"end":{"line":49,"column":19}},{"start":{"line":49,"column":23},"end":{"line":49,"column":35}},{"start":{"line":49,"column":39},"end":{"line":49,"column":53}}],"line":49},"5":{"loc":{"start":{"line":54,"column":4},"end":{"line":85,"column":5}},"type":"if","locations":[{"start":{"line":54,"column":4},"end":{"line":85,"column":5}},{"start":{},"end":{}}],"line":54},"6":{"loc":{"start":{"line":56,"column":6},"end":{"line":59,"column":7}},"type":"if","locations":[{"start":{"line":56,"column":6},"end":{"line":59,"column":7}},{"start":{},"end":{}}],"line":56},"7":{"loc":{"start":{"line":56,"column":10},"end":{"line":56,"column":36}},"type":"binary-expr","locations":[{"start":{"line":56,"column":10},"end":{"line":56,"column":17}},{"start":{"line":56,"column":21},"end":{"line":56,"column":28}},{"start":{"line":56,"column":32},"end":{"line":56,"column":36}}],"line":56},"8":{"loc":{"start":{"line":62,"column":6},"end":{"line":65,"column":7}},"type":"if","locations":[{"start":{"line":62,"column":6},"end":{"line":65,"column":7}},{"start":{},"end":{}}],"line":62},"9":{"loc":{"start":{"line":68,"column":6},"end":{"line":71,"column":7}},"type":"if","locations":[{"start":{"line":68,"column":6},"end":{"line":71,"column":7}},{"start":{},"end":{}}],"line":68},"10":{"loc":{"start":{"line":74,"column":6},"end":{"line":74,"column":46}},"type":"if","locations":[{"start":{"line":74,"column":6},"end":{"line":74,"column":46}},{"start":{},"end":{}}],"line":74},"11":{"loc":{"start":{"line":77,"column":6},"end":{"line":80,"column":7}},"type":"if","locations":[{"start":{"line":77,"column":6},"end":{"line":80,"column":7}},{"start":{},"end":{}}],"line":77},"12":{"loc":{"start":{"line":77,"column":10},"end":{"line":77,"column":121}},"type":"binary-expr","locations":[{"start":{"line":77,"column":10},"end":{"line":77,"column":34}},{"start":{"line":77,"column":38},"end":{"line":77,"column":47}},{"start":{"line":77,"column":51},"end":{"line":77,"column":61}},{"start":{"line":77,"column":65},"end":{"line":77,"column":121}}],"line":77},"13":{"loc":{"start":{"line":81,"column":6},"end":{"line":84,"column":7}},"type":"if","locations":[{"start":{"line":81,"column":6},"end":{"line":84,"column":7}},{"start":{},"end":{}}],"line":81},"14":{"loc":{"start":{"line":98,"column":25},"end":{"line":98,"column":73}},"type":"binary-expr","locations":[{"start":{"line":98,"column":25},"end":{"line":98,"column":67}},{"start":{"line":98,"column":71},"end":{"line":98,"column":73}}],"line":98},"15":{"loc":{"start":{"line":104,"column":6},"end":{"line":106,"column":7}},"type":"if","locations":[{"start":{"line":104,"column":6},"end":{"line":106,"column":7}},{"start":{},"end":{}}],"line":104},"16":{"loc":{"start":{"line":118,"column":2},"end":{"line":179,"column":3}},"type":"if","locations":[{"start":{"line":118,"column":2},"end":{"line":179,"column":3}},{"start":{},"end":{}}],"line":118},"17":{"loc":{"start":{"line":120,"column":6},"end":{"line":124,"column":34}},"type":"cond-expr","locations":[{"start":{"line":121,"column":10},"end":{"line":121,"column":55}},{"start":{"line":122,"column":10},"end":{"line":124,"column":34}}],"line":120},"18":{"loc":{"start":{"line":122,"column":10},"end":{"line":124,"column":34}},"type":"cond-expr","locations":[{"start":{"line":123,"column":10},"end":{"line":123,"column":31}},{"start":{"line":124,"column":10},"end":{"line":124,"column":34}}],"line":122},"19":{"loc":{"start":{"line":127,"column":32},"end":{"line":127,"column":70}},"type":"binary-expr","locations":[{"start":{"line":127,"column":32},"end":{"line":127,"column":62}},{"start":{"line":127,"column":66},"end":{"line":127,"column":70}}],"line":127},"20":{"loc":{"start":{"line":128,"column":19},"end":{"line":128,"column":67}},"type":"cond-expr","locations":[{"start":{"line":128,"column":35},"end":{"line":128,"column":60}},{"start":{"line":128,"column":63},"end":{"line":128,"column":67}}],"line":128},"21":{"loc":{"start":{"line":129,"column":6},"end":{"line":129,"column":38}},"type":"if","locations":[{"start":{"line":129,"column":6},"end":{"line":129,"column":38}},{"start":{},"end":{}}],"line":129},"22":{"loc":{"start":{"line":150,"column":9},"end":{"line":176,"column":9}},"type":"binary-expr","locations":[{"start":{"line":150,"column":9},"end":{"line":150,"column":20}},{"start":{"line":151,"column":10},"end":{"line":175,"column":16}}],"line":150},"23":{"loc":{"start":{"line":154,"column":15},"end":{"line":170,"column":15}},"type":"cond-expr","locations":[{"start":{"line":155,"column":16},"end":{"line":167,"column":22}},{"start":{"line":169,"column":16},"end":{"line":169,"column":69}}],"line":154},"24":{"loc":{"start":{"line":166,"column":48},"end":{"line":166,"column":133}},"type":"binary-expr","locations":[{"start":{"line":166,"column":49},"end":{"line":166,"column":73}},{"start":{"line":166,"column":79},"end":{"line":166,"column":132}}],"line":166},"25":{"loc":{"start":{"line":166,"column":79},"end":{"line":166,"column":132}},"type":"cond-expr","locations":[{"start":{"line":166,"column":97},"end":{"line":166,"column":120}},{"start":{"line":166,"column":123},"end":{"line":166,"column":132}}],"line":166},"26":{"loc":{"start":{"line":181,"column":2},"end":{"line":190,"column":3}},"type":"if","locations":[{"start":{"line":181,"column":2},"end":{"line":190,"column":3}},{"start":{},"end":{}}],"line":181},"27":{"loc":{"start":{"line":181,"column":6},"end":{"line":181,"column":42}},"type":"binary-expr","locations":[{"start":{"line":181,"column":6},"end":{"line":181,"column":16}},{"start":{"line":181,"column":20},"end":{"line":181,"column":42}}],"line":181},"28":{"loc":{"start":{"line":232,"column":9},"end":{"line":272,"column":9}},"type":"binary-expr","locations":[{"start":{"line":232,"column":9},"end":{"line":232,"column":36}},{"start":{"line":233,"column":10},"end":{"line":271,"column":16}}],"line":232},"29":{"loc":{"start":{"line":274,"column":9},"end":{"line":274,"column":57}},"type":"binary-expr","locations":[{"start":{"line":274,"column":9},"end":{"line":274,"column":14}},{"start":{"line":274,"column":18},"end":{"line":274,"column":57}}],"line":274}},"s":{"0":0,"1":0,"2":0,"3":0,"4":0,"5":0,"6":0,"7":0,"8":0,"9":0,"10":0,"11":0,"12":0,"13":0,"14":0,"15":0,"16":0,"17":0,"18":0,"19":0,"20":0,"21":0,"22":0,"23":0,"24":0,"25":0,"26":0,"27":0,"28":0,"29":0,"30":0,"31":0,"32":0,"33":0,"34":0,"35":0,"36":0,"37":0,"38":0,"39":0,"40":0,"41":0,"42":0,"43":0,"44":0,"45":0,"46":0,"47":0,"48":0,"49":0,"50":0,"51":0,"52":0,"53":0,"54":0,"55":0,"56":0,"57":0,"58":0,"59":0,"60":0,"61":0,"62":0,"63":0,"64":0,"65":0,"66":0,"67":0,"68":0,"69":0,"70":0,"71":0,"72":0,"73":0,"74":0,"75":0,"76":0,"77":0,"78":0,"79":0,"80":0,"81":0,"82":0,"83":0,"84":0,"85":0,"86":0,"87":0,"88":0,"89":0,"90":0,"91":0,"92":0,"93":0},"f":{"0":0,"1":0,"2":0,"3":0,"4":0,"5":0,"6":0,"7":0,"8":0,"9":0,"10":0,"11":0,"12":0,"13":0,"14":0,"15":0,"16":0,"17":0,"18":0,"19":0,"20":0,"21":0,"22":0,"23":0,"24":0,"25":0,"26":0},"b":{"0":[0,0],"1":[0,0],"2":[0,0],"3":[0,0],"4":[0,0,0],"5":[0,0],"6":[0,0],"7":[0,0,0],"8":[0,0],"9":[0,0],"10":[0,0],"11":[0,0],"12":[0,0,0,0],"13":[0,0],"14":[0,0],"15":[0,0],"16":[0,0],"17":[0,0],"18":[0,0],"19":[0,0],"20":[0,0],"21":[0,0],"22":[0,0],"23":[0,0],"24":[0,0],"25":[0,0],"26":[0,0],"27":[0,0],"28":[0,0],"29":[0,0]}}
,"/home/etec/Documentos/Homy/HomyProyecto/src/components/Favorites.jsx": {"path":"/home/etec/Documentos/Homy/HomyProyecto/src/components/Favorites.jsx","statementMap":{"0":{"start":{"line":4,"column":18},"end":{"line":7,"column":3}},"1":{"start":{"line":5,"column":4},"end":{"line":5,"column":24}},"2":{"start":{"line":5,"column":12},"end":{"line":5,"column":24}},"3":{"start":{"line":6,"column":4},"end":{"line":6,"column":86}},"4":{"start":{"line":8,"column":17},"end":{"line":8,"column":30}},"5":{"start":{"line":10,"column":36},"end":{"line":14,"column":4}},"6":{"start":{"line":11,"column":4},"end":{"line":11,"column":27}},"7":{"start":{"line":11,"column":17},"end":{"line":11,"column":27}},"8":{"start":{"line":12,"column":18},"end":{"line":12,"column":46}},"9":{"start":{"line":13,"column":4},"end":{"line":13,"column":42}},"10":{"start":{"line":16,"column":2},"end":{"line":20,"column":26}},"11":{"start":{"line":17,"column":4},"end":{"line":19,"column":5}},"12":{"start":{"line":18,"column":6},"end":{"line":18,"column":62}},"13":{"start":{"line":23,"column":2},"end":{"line":33,"column":15}},"14":{"start":{"line":24,"column":20},"end":{"line":30,"column":5}},"15":{"start":{"line":25,"column":6},"end":{"line":25,"column":26}},"16":{"start":{"line":25,"column":19},"end":{"line":25,"column":26}},"17":{"start":{"line":26,"column":6},"end":{"line":29,"column":7}},"18":{"start":{"line":27,"column":20},"end":{"line":27,"column":30}},"19":{"start":{"line":28,"column":8},"end":{"line":28,"column":49}},"20":{"start":{"line":31,"column":4},"end":{"line":31,"column":48}},"21":{"start":{"line":32,"column":4},"end":{"line":32,"column":64}},"22":{"start":{"line":32,"column":17},"end":{"line":32,"column":63}},"23":{"start":{"line":35,"column":17},"end":{"line":38,"column":3}},"24":{"start":{"line":36,"column":4},"end":{"line":36,"column":56}},"25":{"start":{"line":36,"column":25},"end":{"line":36,"column":54}},"26":{"start":{"line":36,"column":42},"end":{"line":36,"column":53}},"27":{"start":{"line":37,"column":4},"end":{"line":37,"column":31}},"28":{"start":{"line":37,"column":18},"end":{"line":37,"column":31}},"29":{"start":{"line":40,"column":2},"end":{"line":50,"column":3}},"30":{"start":{"line":41,"column":4},"end":{"line":49,"column":6}},"31":{"start":{"line":46,"column":33},"end":{"line":46,"column":63}},"32":{"start":{"line":52,"column":2},"end":{"line":72,"column":4}},"33":{"start":{"line":60,"column":12},"end":{"line":67,"column":18}},"34":{"start":{"line":65,"column":39},"end":{"line":65,"column":51}}},"fnMap":{"0":{"name":"Favorites","decl":{"start":{"line":3,"column":9},"end":{"line":3,"column":18}},"loc":{"start":{"line":3,"column":53},"end":{"line":73,"column":1}},"line":3},"1":{"name":"(anonymous_1)","decl":{"start":{"line":4,"column":18},"end":{"line":4,"column":19}},"loc":{"start":{"line":4,"column":25},"end":{"line":7,"column":3}},"line":4},"2":{"name":"(anonymous_2)","decl":{"start":{"line":10,"column":45},"end":{"line":10,"column":46}},"loc":{"start":{"line":10,"column":51},"end":{"line":14,"column":3}},"line":10},"3":{"name":"(anonymous_3)","decl":{"start":{"line":16,"column":12},"end":{"line":16,"column":13}},"loc":{"start":{"line":16,"column":18},"end":{"line":20,"column":3}},"line":16},"4":{"name":"(anonymous_4)","decl":{"start":{"line":23,"column":12},"end":{"line":23,"column":13}},"loc":{"start":{"line":23,"column":18},"end":{"line":33,"column":3}},"line":23},"5":{"name":"(anonymous_5)","decl":{"start":{"line":24,"column":20},"end":{"line":24,"column":21}},"loc":{"start":{"line":24,"column":27},"end":{"line":30,"column":5}},"line":24},"6":{"name":"(anonymous_6)","decl":{"start":{"line":32,"column":11},"end":{"line":32,"column":12}},"loc":{"start":{"line":32,"column":17},"end":{"line":32,"column":63}},"line":32},"7":{"name":"(anonymous_7)","decl":{"start":{"line":35,"column":17},"end":{"line":35,"column":18}},"loc":{"start":{"line":35,"column":25},"end":{"line":38,"column":3}},"line":35},"8":{"name":"(anonymous_8)","decl":{"start":{"line":36,"column":17},"end":{"line":36,"column":18}},"loc":{"start":{"line":36,"column":25},"end":{"line":36,"column":54}},"line":36},"9":{"name":"(anonymous_9)","decl":{"start":{"line":36,"column":37},"end":{"line":36,"column":38}},"loc":{"start":{"line":36,"column":42},"end":{"line":36,"column":53}},"line":36},"10":{"name":"(anonymous_10)","decl":{"start":{"line":46,"column":27},"end":{"line":46,"column":28}},"loc":{"start":{"line":46,"column":33},"end":{"line":46,"column":63}},"line":46},"11":{"name":"(anonymous_11)","decl":{"start":{"line":59,"column":25},"end":{"line":59,"column":26}},"loc":{"start":{"line":60,"column":12},"end":{"line":67,"column":18}},"line":60},"12":{"name":"(anonymous_12)","decl":{"start":{"line":65,"column":33},"end":{"line":65,"column":34}},"loc":{"start":{"line":65,"column":39},"end":{"line":65,"column":51}},"line":65}},"branchMap":{"0":{"loc":{"start":{"line":5,"column":4},"end":{"line":5,"column":24}},"type":"if","locations":[{"start":{"line":5,"column":4},"end":{"line":5,"column":24}},{"start":{},"end":{}}],"line":5},"1":{"loc":{"start":{"line":6,"column":29},"end":{"line":6,"column":83}},"type":"binary-expr","locations":[{"start":{"line":6,"column":29},"end":{"line":6,"column":46}},{"start":{"line":6,"column":50},"end":{"line":6,"column":57}},{"start":{"line":6,"column":61},"end":{"line":6,"column":75}},{"start":{"line":6,"column":79},"end":{"line":6,"column":83}}],"line":6},"2":{"loc":{"start":{"line":11,"column":4},"end":{"line":11,"column":27}},"type":"if","locations":[{"start":{"line":11,"column":4},"end":{"line":11,"column":27}},{"start":{},"end":{}}],"line":11},"3":{"loc":{"start":{"line":13,"column":11},"end":{"line":13,"column":41}},"type":"cond-expr","locations":[{"start":{"line":13,"column":19},"end":{"line":13,"column":36}},{"start":{"line":13,"column":39},"end":{"line":13,"column":41}}],"line":13},"4":{"loc":{"start":{"line":17,"column":4},"end":{"line":19,"column":5}},"type":"if","locations":[{"start":{"line":17,"column":4},"end":{"line":19,"column":5}},{"start":{},"end":{}}],"line":17},"5":{"loc":{"start":{"line":25,"column":6},"end":{"line":25,"column":26}},"type":"if","locations":[{"start":{"line":25,"column":6},"end":{"line":25,"column":26}},{"start":{},"end":{}}],"line":25},"6":{"loc":{"start":{"line":26,"column":6},"end":{"line":29,"column":7}},"type":"if","locations":[{"start":{"line":26,"column":6},"end":{"line":29,"column":7}},{"start":{},"end":{}}],"line":26},"7":{"loc":{"start":{"line":28,"column":21},"end":{"line":28,"column":47}},"type":"cond-expr","locations":[{"start":{"line":28,"column":27},"end":{"line":28,"column":42}},{"start":{"line":28,"column":45},"end":{"line":28,"column":47}}],"line":28},"8":{"loc":{"start":{"line":37,"column":4},"end":{"line":37,"column":31}},"type":"if","locations":[{"start":{"line":37,"column":4},"end":{"line":37,"column":31}},{"start":{},"end":{}}],"line":37},"9":{"loc":{"start":{"line":40,"column":2},"end":{"line":50,"column":3}},"type":"if","locations":[{"start":{"line":40,"column":2},"end":{"line":50,"column":3}},{"start":{},"end":{}}],"line":40},"10":{"loc":{"start":{"line":46,"column":33},"end":{"line":46,"column":63}},"type":"binary-expr","locations":[{"start":{"line":46,"column":33},"end":{"line":46,"column":45}},{"start":{"line":46,"column":49},"end":{"line":46,"column":63}}],"line":46},"11":{"loc":{"start":{"line":55,"column":7},"end":{"line":70,"column":7}},"type":"cond-expr","locations":[{"start":{"line":56,"column":8},"end":{"line":56,"column":50}},{"start":{"line":58,"column":8},"end":{"line":69,"column":14}}],"line":55},"12":{"loc":{"start":{"line":62,"column":50},"end":{"line":62,"column":75}},"type":"binary-expr","locations":[{"start":{"line":62,"column":50},"end":{"line":62,"column":56}},{"start":{"line":62,"column":60},"end":{"line":62,"column":75}}],"line":62}},"s":{"0":0,"1":0,"2":0,"3":0,"4":0,"5":0,"6":0,"7":0,"8":0,"9":0,"10":0,"11":0,"12":0,"13":0,"14":0,"15":0,"16":0,"17":0,"18":0,"19":0,"20":0,"21":0,"22":0,"23":0,"24":0,"25":0,"26":0,"27":0,"28":0,"29":0,"30":0,"31":0,"32":0,"33":0,"34":0},"f":{"0":0,"1":0,"2":0,"3":0,"4":0,"5":0,"6":0,"7":0,"8":0,"9":0,"10":0,"11":0,"12":0},"b":{"0":[0,0],"1":[0,0,0,0],"2":[0,0],"3":[0,0],"4":[0,0],"5":[0,0],"6":[0,0],"7":[0,0],"8":[0,0],"9":[0,0],"10":[0,0],"11":[0,0],"12":[0,0]}}
,"/home/etec/Documentos/Homy/HomyProyecto/src/components/Footer.jsx": {"path":"/home/etec/Documentos/Homy/HomyProyecto/src/components/Footer.jsx","statementMap":{"0":{"start":{"line":5,"column":2},"end":{"line":25,"column":4}}},"fnMap":{"0":{"name":"Footer","decl":{"start":{"line":4,"column":24},"end":{"line":4,"column":30}},"loc":{"start":{"line":4,"column":33},"end":{"line":26,"column":1}},"line":4}},"branchMap":{},"s":{"0":0},"f":{"0":0},"b":{}}
,"/home/etec/Documentos/Homy/HomyProyecto/src/components/Header.jsx": {"path":"/home/etec/Documentos/Homy/HomyProyecto/src/components/Header.jsx","statementMap":{"0":{"start":{"line":13,"column":2},"end":{"line":13,"column":25}},"1":{"start":{"line":13,"column":13},"end":{"line":13,"column":25}},"2":{"start":{"line":14,"column":2},"end":{"line":96,"column":4}},"3":{"start":{"line":43,"column":24},"end":{"line":43,"column":43}},"4":{"start":{"line":76,"column":14},"end":{"line":86,"column":16}},"5":{"start":{"line":106,"column":48},"end":{"line":106,"column":63}},"6":{"start":{"line":107,"column":46},"end":{"line":107,"column":57}},"7":{"start":{"line":108,"column":25},"end":{"line":108,"column":37}},"8":{"start":{"line":110,"column":2},"end":{"line":127,"column":24}},"9":{"start":{"line":112,"column":6},"end":{"line":117,"column":7}},"10":{"start":{"line":116,"column":8},"end":{"line":116,"column":34}},"11":{"start":{"line":119,"column":4},"end":{"line":123,"column":5}},"12":{"start":{"line":120,"column":6},"end":{"line":120,"column":65}},"13":{"start":{"line":122,"column":6},"end":{"line":122,"column":68}},"14":{"start":{"line":124,"column":4},"end":{"line":126,"column":6}},"15":{"start":{"line":125,"column":6},"end":{"line":125,"column":68}},"16":{"start":{"line":130,"column":2},"end":{"line":159,"column":13}},"17":{"start":{"line":131,"column":20},"end":{"line":136,"column":5}},"18":{"start":{"line":132,"column":6},"end":{"line":132,"column":26}},"19":{"start":{"line":132,"column":14},"end":{"line":132,"column":26}},"20":{"start":{"line":133,"column":6},"end":{"line":135,"column":9}},"21":{"start":{"line":137,"column":16},"end":{"line":137,"column":29}},"22":{"start":{"line":138,"column":4},"end":{"line":141,"column":5}},"23":{"start":{"line":139,"column":6},"end":{"line":139,"column":27}},"24":{"start":{"line":140,"column":6},"end":{"line":140,"column":13}},"25":{"start":{"line":142,"column":4},"end":{"line":148,"column":5}},"26":{"start":{"line":143,"column":18},"end":{"line":143,"column":43}},"27":{"start":{"line":144,"column":18},"end":{"line":144,"column":44}},"28":{"start":{"line":145,"column":6},"end":{"line":145,"column":61}},"29":{"start":{"line":147,"column":6},"end":{"line":147,"column":27}},"30":{"start":{"line":150,"column":20},"end":{"line":156,"column":5}},"31":{"start":{"line":151,"column":6},"end":{"line":155,"column":7}},"32":{"start":{"line":152,"column":20},"end":{"line":152,"column":30}},"33":{"start":{"line":153,"column":20},"end":{"line":153,"column":46}},"34":{"start":{"line":154,"column":8},"end":{"line":154,"column":63}},"35":{"start":{"line":157,"column":4},"end":{"line":157,"column":48}},"36":{"start":{"line":158,"column":4},"end":{"line":158,"column":64}},"37":{"start":{"line":158,"column":17},"end":{"line":158,"column":63}},"38":{"start":{"line":160,"column":32},"end":{"line":160,"column":47}},"39":{"start":{"line":161,"column":38},"end":{"line":161,"column":50}},"40":{"start":{"line":162,"column":46},"end":{"line":162,"column":61}},"41":{"start":{"line":163,"column":24},"end":{"line":163,"column":36}},"42":{"start":{"line":164,"column":19},"end":{"line":164,"column":32}},"43":{"start":{"line":165,"column":40},"end":{"line":165,"column":52}},"44":{"start":{"line":166,"column":44},"end":{"line":166,"column":56}},"45":{"start":{"line":167,"column":52},"end":{"line":167,"column":67}},"46":{"start":{"line":168,"column":20},"end":{"line":168,"column":32}},"47":{"start":{"line":171,"column":19},"end":{"line":188,"column":9}},"48":{"start":{"line":172,"column":4},"end":{"line":175,"column":5}},"49":{"start":{"line":173,"column":6},"end":{"line":173,"column":27}},"50":{"start":{"line":174,"column":6},"end":{"line":174,"column":13}},"51":{"start":{"line":176,"column":4},"end":{"line":187,"column":9}},"52":{"start":{"line":179,"column":21},"end":{"line":179,"column":31}},"53":{"start":{"line":181,"column":8},"end":{"line":181,"column":58}},"54":{"start":{"line":182,"column":8},"end":{"line":182,"column":35}},"55":{"start":{"line":185,"column":8},"end":{"line":185,"column":44}},"56":{"start":{"line":186,"column":8},"end":{"line":186,"column":29}},"57":{"start":{"line":190,"column":2},"end":{"line":192,"column":9}},"58":{"start":{"line":191,"column":4},"end":{"line":191,"column":35}},"59":{"start":{"line":191,"column":17},"end":{"line":191,"column":34}},"60":{"start":{"line":194,"column":2},"end":{"line":203,"column":26}},"61":{"start":{"line":196,"column":6},"end":{"line":198,"column":7}},"62":{"start":{"line":197,"column":8},"end":{"line":197,"column":36}},"63":{"start":{"line":200,"column":4},"end":{"line":201,"column":65}},"64":{"start":{"line":201,"column":6},"end":{"line":201,"column":65}},"65":{"start":{"line":202,"column":4},"end":{"line":202,"column":79}},"66":{"start":{"line":202,"column":17},"end":{"line":202,"column":78}},"67":{"start":{"line":204,"column":2},"end":{"line":218,"column":9}},"68":{"start":{"line":205,"column":4},"end":{"line":217,"column":5}},"69":{"start":{"line":206,"column":6},"end":{"line":216,"column":9}},"70":{"start":{"line":220,"column":2},"end":{"line":237,"column":23}},"71":{"start":{"line":222,"column":6},"end":{"line":227,"column":7}},"72":{"start":{"line":226,"column":8},"end":{"line":226,"column":33}},"73":{"start":{"line":229,"column":4},"end":{"line":233,"column":5}},"74":{"start":{"line":230,"column":6},"end":{"line":230,"column":65}},"75":{"start":{"line":232,"column":6},"end":{"line":232,"column":68}},"76":{"start":{"line":234,"column":4},"end":{"line":236,"column":6}},"77":{"start":{"line":235,"column":6},"end":{"line":235,"column":68}},"78":{"start":{"line":238,"column":24},"end":{"line":238,"column":46}},"79":{"start":{"line":238,"column":30},"end":{"line":238,"column":46}},"80":{"start":{"line":239,"column":25},"end":{"line":239,"column":48}},"81":{"start":{"line":239,"column":31},"end":{"line":239,"column":48}},"82":{"start":{"line":240,"column":27},"end":{"line":240,"column":56}},"83":{"start":{"line":240,"column":33},"end":{"line":240,"column":56}},"84":{"start":{"line":241,"column":28},"end":{"line":241,"column":54}},"85":{"start":{"line":241,"column":34},"end":{"line":241,"column":54}},"86":{"start":{"line":242,"column":2},"end":{"line":593,"column":4}},"87":{"start":{"line":268,"column":27},"end":{"line":268,"column":40}},"88":{"start":{"line":273,"column":29},"end":{"line":273,"column":57}},"89":{"start":{"line":273,"column":54},"end":{"line":273,"column":56}},"90":{"start":{"line":291,"column":18},"end":{"line":305,"column":24}},"91":{"start":{"line":295,"column":22},"end":{"line":295,"column":47}},"92":{"start":{"line":296,"column":22},"end":{"line":296,"column":63}},"93":{"start":{"line":343,"column":28},"end":{"line":343,"column":42}},"94":{"start":{"line":344,"column":16},"end":{"line":344,"column":36}},"95":{"start":{"line":345,"column":16},"end":{"line":345,"column":30}},"96":{"start":{"line":348,"column":16},"end":{"line":348,"column":73}},"97":{"start":{"line":348,"column":46},"end":{"line":348,"column":73}},"98":{"start":{"line":351,"column":16},"end":{"line":354,"column":17}},"99":{"start":{"line":352,"column":18},"end":{"line":352,"column":46}},"100":{"start":{"line":353,"column":18},"end":{"line":353,"column":77}},"101":{"start":{"line":367,"column":16},"end":{"line":367,"column":44}},"102":{"start":{"line":368,"column":16},"end":{"line":368,"column":75}},"103":{"start":{"line":405,"column":16},"end":{"line":426,"column":22}},"104":{"start":{"line":408,"column":20},"end":{"line":408,"column":48}},"105":{"start":{"line":409,"column":20},"end":{"line":409,"column":52}},"106":{"start":{"line":410,"column":20},"end":{"line":412,"column":22}},"107":{"start":{"line":471,"column":32},"end":{"line":471,"column":51}},"108":{"start":{"line":512,"column":31},"end":{"line":512,"column":60}},"109":{"start":{"line":512,"column":57},"end":{"line":512,"column":59}},"110":{"start":{"line":545,"column":22},"end":{"line":545,"column":48}},"111":{"start":{"line":546,"column":22},"end":{"line":546,"column":46}},"112":{"start":{"line":564,"column":22},"end":{"line":564,"column":48}},"113":{"start":{"line":565,"column":22},"end":{"line":565,"column":33}}},"fnMap":{"0":{"name":"PromocionesModal","decl":{"start":{"line":12,"column":9},"end":{"line":12,"column":25}},"loc":{"start":{"line":12,"column":53},"end":{"line":97,"column":1}},"line":12},"1":{"name":"(anonymous_1)","decl":{"start":{"line":43,"column":17},"end":{"line":43,"column":18}},"loc":{"start":{"line":43,"column":24},"end":{"line":43,"column":43}},"line":43},"2":{"name":"(anonymous_2)","decl":{"start":{"line":75,"column":23},"end":{"line":75,"column":24}},"loc":{"start":{"line":76,"column":14},"end":{"line":86,"column":16}},"line":76},"3":{"name":"Header","decl":{"start":{"line":99,"column":24},"end":{"line":99,"column":30}},"loc":{"start":{"line":105,"column":3},"end":{"line":594,"column":1}},"line":105},"4":{"name":"(anonymous_4)","decl":{"start":{"line":110,"column":12},"end":{"line":110,"column":13}},"loc":{"start":{"line":110,"column":18},"end":{"line":127,"column":3}},"line":110},"5":{"name":"handleClickOutside","decl":{"start":{"line":111,"column":13},"end":{"line":111,"column":31}},"loc":{"start":{"line":111,"column":39},"end":{"line":118,"column":5}},"line":111},"6":{"name":"(anonymous_6)","decl":{"start":{"line":124,"column":11},"end":{"line":124,"column":12}},"loc":{"start":{"line":124,"column":17},"end":{"line":126,"column":5}},"line":124},"7":{"name":"(anonymous_7)","decl":{"start":{"line":130,"column":12},"end":{"line":130,"column":13}},"loc":{"start":{"line":130,"column":18},"end":{"line":159,"column":3}},"line":130},"8":{"name":"(anonymous_8)","decl":{"start":{"line":131,"column":20},"end":{"line":131,"column":21}},"loc":{"start":{"line":131,"column":27},"end":{"line":136,"column":5}},"line":131},"9":{"name":"(anonymous_9)","decl":{"start":{"line":150,"column":20},"end":{"line":150,"column":21}},"loc":{"start":{"line":150,"column":27},"end":{"line":156,"column":5}},"line":150},"10":{"name":"(anonymous_10)","decl":{"start":{"line":158,"column":11},"end":{"line":158,"column":12}},"loc":{"start":{"line":158,"column":17},"end":{"line":158,"column":63}},"line":158},"11":{"name":"(anonymous_11)","decl":{"start":{"line":171,"column":28},"end":{"line":171,"column":29}},"loc":{"start":{"line":171,"column":35},"end":{"line":188,"column":3}},"line":171},"12":{"name":"(anonymous_12)","decl":{"start":{"line":179,"column":12},"end":{"line":179,"column":13}},"loc":{"start":{"line":179,"column":21},"end":{"line":179,"column":31}},"line":179},"13":{"name":"(anonymous_13)","decl":{"start":{"line":180,"column":12},"end":{"line":180,"column":13}},"loc":{"start":{"line":180,"column":22},"end":{"line":183,"column":7}},"line":180},"14":{"name":"(anonymous_14)","decl":{"start":{"line":184,"column":13},"end":{"line":184,"column":14}},"loc":{"start":{"line":184,"column":22},"end":{"line":187,"column":7}},"line":184},"15":{"name":"(anonymous_15)","decl":{"start":{"line":190,"column":12},"end":{"line":190,"column":13}},"loc":{"start":{"line":190,"column":18},"end":{"line":192,"column":3}},"line":190},"16":{"name":"(anonymous_16)","decl":{"start":{"line":191,"column":11},"end":{"line":191,"column":12}},"loc":{"start":{"line":191,"column":17},"end":{"line":191,"column":34}},"line":191},"17":{"name":"(anonymous_17)","decl":{"start":{"line":194,"column":12},"end":{"line":194,"column":13}},"loc":{"start":{"line":194,"column":18},"end":{"line":203,"column":3}},"line":194},"18":{"name":"handleClickOutside","decl":{"start":{"line":195,"column":13},"end":{"line":195,"column":31}},"loc":{"start":{"line":195,"column":39},"end":{"line":199,"column":5}},"line":195},"19":{"name":"(anonymous_19)","decl":{"start":{"line":202,"column":11},"end":{"line":202,"column":12}},"loc":{"start":{"line":202,"column":17},"end":{"line":202,"column":78}},"line":202},"20":{"name":"(anonymous_20)","decl":{"start":{"line":204,"column":12},"end":{"line":204,"column":13}},"loc":{"start":{"line":204,"column":18},"end":{"line":218,"column":3}},"line":204},"21":{"name":"(anonymous_21)","decl":{"start":{"line":220,"column":12},"end":{"line":220,"column":13}},"loc":{"start":{"line":220,"column":18},"end":{"line":237,"column":3}},"line":220},"22":{"name":"handleClickOutside","decl":{"start":{"line":221,"column":13},"end":{"line":221,"column":31}},"loc":{"start":{"line":221,"column":39},"end":{"line":228,"column":5}},"line":221},"23":{"name":"(anonymous_23)","decl":{"start":{"line":234,"column":11},"end":{"line":234,"column":12}},"loc":{"start":{"line":234,"column":17},"end":{"line":236,"column":5}},"line":234},"24":{"name":"(anonymous_24)","decl":{"start":{"line":238,"column":24},"end":{"line":238,"column":25}},"loc":{"start":{"line":238,"column":30},"end":{"line":238,"column":46}},"line":238},"25":{"name":"(anonymous_25)","decl":{"start":{"line":239,"column":25},"end":{"line":239,"column":26}},"loc":{"start":{"line":239,"column":31},"end":{"line":239,"column":48}},"line":239},"26":{"name":"(anonymous_26)","decl":{"start":{"line":240,"column":27},"end":{"line":240,"column":28}},"loc":{"start":{"line":240,"column":33},"end":{"line":240,"column":56}},"line":240},"27":{"name":"(anonymous_27)","decl":{"start":{"line":241,"column":28},"end":{"line":241,"column":29}},"loc":{"start":{"line":241,"column":34},"end":{"line":241,"column":54}},"line":241},"28":{"name":"(anonymous_28)","decl":{"start":{"line":268,"column":21},"end":{"line":268,"column":22}},"loc":{"start":{"line":268,"column":27},"end":{"line":268,"column":40}},"line":268},"29":{"name":"(anonymous_29)","decl":{"start":{"line":273,"column":23},"end":{"line":273,"column":24}},"loc":{"start":{"line":273,"column":29},"end":{"line":273,"column":57}},"line":273},"30":{"name":"(anonymous_30)","decl":{"start":{"line":273,"column":47},"end":{"line":273,"column":48}},"loc":{"start":{"line":273,"column":54},"end":{"line":273,"column":56}},"line":273},"31":{"name":"(anonymous_31)","decl":{"start":{"line":290,"column":32},"end":{"line":290,"column":33}},"loc":{"start":{"line":291,"column":18},"end":{"line":305,"column":24}},"line":291},"32":{"name":"(anonymous_32)","decl":{"start":{"line":294,"column":29},"end":{"line":294,"column":30}},"loc":{"start":{"line":294,"column":35},"end":{"line":297,"column":21}},"line":294},"33":{"name":"(anonymous_33)","decl":{"start":{"line":342,"column":24},"end":{"line":342,"column":25}},"loc":{"start":{"line":342,"column":31},"end":{"line":346,"column":15}},"line":342},"34":{"name":"(anonymous_34)","decl":{"start":{"line":347,"column":23},"end":{"line":347,"column":24}},"loc":{"start":{"line":347,"column":29},"end":{"line":349,"column":15}},"line":347},"35":{"name":"(anonymous_35)","decl":{"start":{"line":350,"column":25},"end":{"line":350,"column":26}},"loc":{"start":{"line":350,"column":32},"end":{"line":355,"column":15}},"line":350},"36":{"name":"(anonymous_36)","decl":{"start":{"line":366,"column":23},"end":{"line":366,"column":24}},"loc":{"start":{"line":366,"column":29},"end":{"line":369,"column":15}},"line":366},"37":{"name":"(anonymous_37)","decl":{"start":{"line":404,"column":33},"end":{"line":404,"column":34}},"loc":{"start":{"line":405,"column":16},"end":{"line":426,"column":22}},"line":405},"38":{"name":"(anonymous_38)","decl":{"start":{"line":407,"column":27},"end":{"line":407,"column":28}},"loc":{"start":{"line":407,"column":33},"end":{"line":413,"column":19}},"line":407},"39":{"name":"(anonymous_39)","decl":{"start":{"line":471,"column":25},"end":{"line":471,"column":26}},"loc":{"start":{"line":471,"column":32},"end":{"line":471,"column":51}},"line":471},"40":{"name":"(anonymous_40)","decl":{"start":{"line":512,"column":25},"end":{"line":512,"column":26}},"loc":{"start":{"line":512,"column":31},"end":{"line":512,"column":60}},"line":512},"41":{"name":"(anonymous_41)","decl":{"start":{"line":512,"column":50},"end":{"line":512,"column":51}},"loc":{"start":{"line":512,"column":57},"end":{"line":512,"column":59}},"line":512},"42":{"name":"(anonymous_42)","decl":{"start":{"line":544,"column":29},"end":{"line":544,"column":30}},"loc":{"start":{"line":544,"column":35},"end":{"line":547,"column":21}},"line":544},"43":{"name":"(anonymous_43)","decl":{"start":{"line":563,"column":29},"end":{"line":563,"column":30}},"loc":{"start":{"line":563,"column":35},"end":{"line":566,"column":21}},"line":563}},"branchMap":{"0":{"loc":{"start":{"line":13,"column":2},"end":{"line":13,"column":25}},"type":"if","locations":[{"start":{"line":13,"column":2},"end":{"line":13,"column":25}},{"start":{},"end":{}}],"line":13},"1":{"loc":{"start":{"line":74,"column":11},"end":{"line":92,"column":11}},"type":"cond-expr","locations":[{"start":{"line":75,"column":12},"end":{"line":87,"column":14}},{"start":{"line":89,"column":12},"end":{"line":91,"column":19}}],"line":74},"2":{"loc":{"start":{"line":74,"column":11},"end":{"line":74,"column":38}},"type":"binary-expr","locations":[{"start":{"line":74,"column":11},"end":{"line":74,"column":17}},{"start":{"line":74,"column":21},"end":{"line":74,"column":38}}],"line":74},"3":{"loc":{"start":{"line":104,"column":2},"end":{"line":104,"column":15}},"type":"default-arg","locations":[{"start":{"line":104,"column":14},"end":{"line":104,"column":15}}],"line":104},"4":{"loc":{"start":{"line":112,"column":6},"end":{"line":117,"column":7}},"type":"if","locations":[{"start":{"line":112,"column":6},"end":{"line":117,"column":7}},{"start":{},"end":{}}],"line":112},"5":{"loc":{"start":{"line":113,"column":8},"end":{"line":114,"column":54}},"type":"binary-expr","locations":[{"start":{"line":113,"column":8},"end":{"line":113,"column":30}},{"start":{"line":114,"column":8},"end":{"line":114,"column":54}}],"line":113},"6":{"loc":{"start":{"line":119,"column":4},"end":{"line":123,"column":5}},"type":"if","locations":[{"start":{"line":119,"column":4},"end":{"line":123,"column":5}},{"start":{"line":121,"column":11},"end":{"line":123,"column":5}}],"line":119},"7":{"loc":{"start":{"line":132,"column":6},"end":{"line":132,"column":26}},"type":"if","locations":[{"start":{"line":132,"column":6},"end":{"line":132,"column":26}},{"start":{},"end":{}}],"line":132},"8":{"loc":{"start":{"line":134,"column":8},"end":{"line":134,"column":62}},"type":"binary-expr","locations":[{"start":{"line":134,"column":8},"end":{"line":134,"column":25}},{"start":{"line":134,"column":29},"end":{"line":134,"column":36}},{"start":{"line":134,"column":40},"end":{"line":134,"column":54}},{"start":{"line":134,"column":58},"end":{"line":134,"column":62}}],"line":134},"9":{"loc":{"start":{"line":138,"column":4},"end":{"line":141,"column":5}},"type":"if","locations":[{"start":{"line":138,"column":4},"end":{"line":141,"column":5}},{"start":{},"end":{}}],"line":138},"10":{"loc":{"start":{"line":144,"column":18},"end":{"line":144,"column":44}},"type":"cond-expr","locations":[{"start":{"line":144,"column":24},"end":{"line":144,"column":39}},{"start":{"line":144,"column":42},"end":{"line":144,"column":44}}],"line":144},"11":{"loc":{"start":{"line":145,"column":24},"end":{"line":145,"column":59}},"type":"cond-expr","locations":[{"start":{"line":145,"column":45},"end":{"line":145,"column":55}},{"start":{"line":145,"column":58},"end":{"line":145,"column":59}}],"line":145},"12":{"loc":{"start":{"line":151,"column":6},"end":{"line":155,"column":7}},"type":"if","locations":[{"start":{"line":151,"column":6},"end":{"line":155,"column":7}},{"start":{},"end":{}}],"line":151},"13":{"loc":{"start":{"line":153,"column":20},"end":{"line":153,"column":46}},"type":"cond-expr","locations":[{"start":{"line":153,"column":26},"end":{"line":153,"column":41}},{"start":{"line":153,"column":44},"end":{"line":153,"column":46}}],"line":153},"14":{"loc":{"start":{"line":154,"column":26},"end":{"line":154,"column":61}},"type":"cond-expr","locations":[{"start":{"line":154,"column":47},"end":{"line":154,"column":57}},{"start":{"line":154,"column":60},"end":{"line":154,"column":61}}],"line":154},"15":{"loc":{"start":{"line":172,"column":4},"end":{"line":175,"column":5}},"type":"if","locations":[{"start":{"line":172,"column":4},"end":{"line":175,"column":5}},{"start":{},"end":{}}],"line":172},"16":{"loc":{"start":{"line":172,"column":8},"end":{"line":172,"column":29}},"type":"binary-expr","locations":[{"start":{"line":172,"column":8},"end":{"line":172,"column":10}},{"start":{"line":172,"column":14},"end":{"line":172,"column":29}}],"line":172},"17":{"loc":{"start":{"line":181,"column":25},"end":{"line":181,"column":56}},"type":"cond-expr","locations":[{"start":{"line":181,"column":47},"end":{"line":181,"column":51}},{"start":{"line":181,"column":54},"end":{"line":181,"column":56}}],"line":181},"18":{"loc":{"start":{"line":196,"column":6},"end":{"line":198,"column":7}},"type":"if","locations":[{"start":{"line":196,"column":6},"end":{"line":198,"column":7}},{"start":{},"end":{}}],"line":196},"19":{"loc":{"start":{"line":196,"column":10},"end":{"line":196,"column":72}},"type":"binary-expr","locations":[{"start":{"line":196,"column":10},"end":{"line":196,"column":27}},{"start":{"line":196,"column":31},"end":{"line":196,"column":72}}],"line":196},"20":{"loc":{"start":{"line":200,"column":4},"end":{"line":201,"column":65}},"type":"if","locations":[{"start":{"line":200,"column":4},"end":{"line":201,"column":65}},{"start":{},"end":{}}],"line":200},"21":{"loc":{"start":{"line":205,"column":4},"end":{"line":217,"column":5}},"type":"if","locations":[{"start":{"line":205,"column":4},"end":{"line":217,"column":5}},{"start":{},"end":{}}],"line":205},"22":{"loc":{"start":{"line":205,"column":8},"end":{"line":205,"column":46}},"type":"binary-expr","locations":[{"start":{"line":205,"column":8},"end":{"line":205,"column":19}},{"start":{"line":205,"column":23},"end":{"line":205,"column":46}}],"line":205},"23":{"loc":{"start":{"line":222,"column":6},"end":{"line":227,"column":7}},"type":"if","locations":[{"start":{"line":222,"column":6},"end":{"line":227,"column":7}},{"start":{},"end":{}}],"line":222},"24":{"loc":{"start":{"line":223,"column":8},"end":{"line":224,"column":53}},"type":"binary-expr","locations":[{"start":{"line":223,"column":8},"end":{"line":223,"column":29}},{"start":{"line":224,"column":8},"end":{"line":224,"column":53}}],"line":223},"25":{"loc":{"start":{"line":229,"column":4},"end":{"line":233,"column":5}},"type":"if","locations":[{"start":{"line":229,"column":4},"end":{"line":233,"column":5}},{"start":{"line":231,"column":11},"end":{"line":233,"column":5}}],"line":229},"26":{"loc":{"start":{"line":277,"column":13},"end":{"line":308,"column":13}},"type":"binary-expr","locations":[{"start":{"line":277,"column":13},"end":{"line":277,"column":27}},{"start":{"line":278,"column":14},"end":{"line":307,"column":20}}],"line":277},"27":{"loc":{"start":{"line":348,"column":16},"end":{"line":348,"column":73}},"type":"if","locations":[{"start":{"line":348,"column":16},"end":{"line":348,"column":73}},{"start":{},"end":{}}],"line":348},"28":{"loc":{"start":{"line":351,"column":16},"end":{"line":354,"column":17}},"type":"if","locations":[{"start":{"line":351,"column":16},"end":{"line":354,"column":17}},{"start":{},"end":{}}],"line":351},"29":{"loc":{"start":{"line":389,"column":11},"end":{"line":429,"column":11}},"type":"binary-expr","locations":[{"start":{"line":389,"column":11},"end":{"line":389,"column":28}},{"start":{"line":389,"column":32},"end":{"line":389,"column":56}},{"start":{"line":390,"column":12},"end":{"line":428,"column":18}}],"line":389},"30":{"loc":{"start":{"line":421,"column":19},"end":{"line":425,"column":19}},"type":"binary-expr","locations":[{"start":{"line":421,"column":19},"end":{"line":421,"column":40}},{"start":{"line":422,"column":20},"end":{"line":424,"column":27}}],"line":421},"31":{"loc":{"start":{"line":442,"column":11},"end":{"line":499,"column":11}},"type":"binary-expr","locations":[{"start":{"line":442,"column":11},"end":{"line":442,"column":18}},{"start":{"line":443,"column":12},"end":{"line":498,"column":18}}],"line":442},"32":{"loc":{"start":{"line":500,"column":11},"end":{"line":581,"column":11}},"type":"cond-expr","locations":[{"start":{"line":501,"column":12},"end":{"line":572,"column":18}},{"start":{"line":574,"column":12},"end":{"line":580,"column":21}}],"line":500},"33":{"loc":{"start":{"line":517,"column":15},"end":{"line":571,"column":15}},"type":"binary-expr","locations":[{"start":{"line":517,"column":15},"end":{"line":517,"column":30}},{"start":{"line":518,"column":16},"end":{"line":570,"column":22}}],"line":517},"34":{"loc":{"start":{"line":587,"column":13},"end":{"line":587,"column":72}},"type":"binary-expr","locations":[{"start":{"line":587,"column":13},"end":{"line":587,"column":26}},{"start":{"line":587,"column":30},"end":{"line":587,"column":72}}],"line":587}},"s":{"0":0,"1":0,"2":0,"3":0,"4":0,"5":0,"6":0,"7":0,"8":0,"9":0,"10":0,"11":0,"12":0,"13":0,"14":0,"15":0,"16":0,"17":0,"18":0,"19":0,"20":0,"21":0,"22":0,"23":0,"24":0,"25":0,"26":0,"27":0,"28":0,"29":0,"30":0,"31":0,"32":0,"33":0,"34":0,"35":0,"36":0,"37":0,"38":0,"39":0,"40":0,"41":0,"42":0,"43":0,"44":0,"45":0,"46":0,"47":0,"48":0,"49":0,"50":0,"51":0,"52":0,"53":0,"54":0,"55":0,"56":0,"57":0,"58":0,"59":0,"60":0,"61":0,"62":0,"63":0,"64":0,"65":0,"66":0,"67":0,"68":0,"69":0,"70":0,"71":0,"72":0,"73":0,"74":0,"75":0,"76":0,"77":0,"78":0,"79":0,"80":0,"81":0,"82":0,"83":0,"84":0,"85":0,"86":0,"87":0,"88":0,"89":0,"90":0,"91":0,"92":0,"93":0,"94":0,"95":0,"96":0,"97":0,"98":0,"99":0,"100":0,"101":0,"102":0,"103":0,"104":0,"105":0,"106":0,"107":0,"108":0,"109":0,"110":0,"111":0,"112":0,"113":0},"f":{"0":0,"1":0,"2":0,"3":0,"4":0,"5":0,"6":0,"7":0,"8":0,"9":0,"10":0,"11":0,"12":0,"13":0,"14":0,"15":0,"16":0,"17":0,"18":0,"19":0,"20":0,"21":0,"22":0,"23":0,"24":0,"25":0,"26":0,"27":0,"28":0,"29":0,"30":0,"31":0,"32":0,"33":0,"34":0,"35":0,"36":0,"37":0,"38":0,"39":0,"40":0,"41":0,"42":0,"43":0},"b":{"0":[0,0],"1":[0,0],"2":[0,0],"3":[0],"4":[0,0],"5":[0,0],"6":[0,0],"7":[0,0],"8":[0,0,0,0],"9":[0,0],"10":[0,0],"11":[0,0],"12":[0,0],"13":[0,0],"14":[0,0],"15":[0,0],"16":[0,0],"17":[0,0],"18":[0,0],"19":[0,0],"20":[0,0],"21":[0,0],"22":[0,0],"23":[0,0],"24":[0,0],"25":[0,0],"26":[0,0],"27":[0,0],"28":[0,0],"29":[0,0,0],"30":[0,0],"31":[0,0],"32":[0,0],"33":[0,0],"34":[0,0]}}
,"/home/etec/Documentos/Homy/HomyProyecto/src/components/PaymentMethods.jsx": {"path":"/home/etec/Documentos/Homy/HomyProyecto/src/components/PaymentMethods.jsx","statementMap":{"0":{"start":{"line":5,"column":15},"end":{"line":19,"column":1}},"1":{"start":{"line":20,"column":23},"end":{"line":163,"column":1}},"2":{"start":{"line":21,"column":32},"end":{"line":21,"column":48}},"3":{"start":{"line":22,"column":46},"end":{"line":22,"column":58}},"4":{"start":{"line":24,"column":29},"end":{"line":29,"column":3}},"5":{"start":{"line":25,"column":20},"end":{"line":25,"column":32}},"6":{"start":{"line":26,"column":4},"end":{"line":26,"column":25}},"7":{"start":{"line":26,"column":18},"end":{"line":26,"column":25}},"8":{"start":{"line":27,"column":4},"end":{"line":27,"column":53}},"9":{"start":{"line":27,"column":22},"end":{"line":27,"column":51}},"10":{"start":{"line":27,"column":41},"end":{"line":27,"column":50}},"11":{"start":{"line":28,"column":4},"end":{"line":28,"column":77}},"12":{"start":{"line":28,"column":29},"end":{"line":28,"column":75}},"13":{"start":{"line":31,"column":30},"end":{"line":36,"column":3}},"14":{"start":{"line":32,"column":17},"end":{"line":32,"column":56}},"15":{"start":{"line":32,"column":44},"end":{"line":32,"column":55}},"16":{"start":{"line":33,"column":4},"end":{"line":33,"column":22}},"17":{"start":{"line":33,"column":15},"end":{"line":33,"column":22}},"18":{"start":{"line":34,"column":4},"end":{"line":34,"column":40}},"19":{"start":{"line":34,"column":22},"end":{"line":34,"column":38}},"20":{"start":{"line":35,"column":4},"end":{"line":35,"column":59}},"21":{"start":{"line":35,"column":29},"end":{"line":35,"column":57}},"22":{"start":{"line":35,"column":45},"end":{"line":35,"column":56}},"23":{"start":{"line":38,"column":2},"end":{"line":162,"column":4}},"24":{"start":{"line":61,"column":10},"end":{"line":109,"column":16}},"25":{"start":{"line":87,"column":17},"end":{"line":87,"column":64}},"26":{"start":{"line":89,"column":34},"end":{"line":89,"column":78}},"27":{"start":{"line":93,"column":31},"end":{"line":93,"column":54}},"28":{"start":{"line":125,"column":14},"end":{"line":156,"column":20}},"29":{"start":{"line":141,"column":33},"end":{"line":141,"column":58}}},"fnMap":{"0":{"name":"(anonymous_0)","decl":{"start":{"line":20,"column":23},"end":{"line":20,"column":24}},"loc":{"start":{"line":20,"column":48},"end":{"line":163,"column":1}},"line":20},"1":{"name":"(anonymous_1)","decl":{"start":{"line":24,"column":29},"end":{"line":24,"column":30}},"loc":{"start":{"line":24,"column":38},"end":{"line":29,"column":3}},"line":24},"2":{"name":"(anonymous_2)","decl":{"start":{"line":27,"column":15},"end":{"line":27,"column":16}},"loc":{"start":{"line":27,"column":22},"end":{"line":27,"column":51}},"line":27},"3":{"name":"(anonymous_3)","decl":{"start":{"line":27,"column":31},"end":{"line":27,"column":32}},"loc":{"start":{"line":27,"column":41},"end":{"line":27,"column":50}},"line":27},"4":{"name":"(anonymous_4)","decl":{"start":{"line":28,"column":22},"end":{"line":28,"column":23}},"loc":{"start":{"line":28,"column":29},"end":{"line":28,"column":75}},"line":28},"5":{"name":"(anonymous_5)","decl":{"start":{"line":31,"column":30},"end":{"line":31,"column":31}},"loc":{"start":{"line":31,"column":38},"end":{"line":36,"column":3}},"line":31},"6":{"name":"(anonymous_6)","decl":{"start":{"line":32,"column":37},"end":{"line":32,"column":38}},"loc":{"start":{"line":32,"column":44},"end":{"line":32,"column":55}},"line":32},"7":{"name":"(anonymous_7)","decl":{"start":{"line":34,"column":15},"end":{"line":34,"column":16}},"loc":{"start":{"line":34,"column":22},"end":{"line":34,"column":38}},"line":34},"8":{"name":"(anonymous_8)","decl":{"start":{"line":35,"column":22},"end":{"line":35,"column":23}},"loc":{"start":{"line":35,"column":29},"end":{"line":35,"column":57}},"line":35},"9":{"name":"(anonymous_9)","decl":{"start":{"line":35,"column":38},"end":{"line":35,"column":39}},"loc":{"start":{"line":35,"column":45},"end":{"line":35,"column":56}},"line":35},"10":{"name":"(anonymous_10)","decl":{"start":{"line":60,"column":21},"end":{"line":60,"column":22}},"loc":{"start":{"line":61,"column":10},"end":{"line":109,"column":16}},"line":61},"11":{"name":"(anonymous_11)","decl":{"start":{"line":86,"column":27},"end":{"line":86,"column":28}},"loc":{"start":{"line":87,"column":17},"end":{"line":87,"column":64}},"line":87},"12":{"name":"(anonymous_12)","decl":{"start":{"line":89,"column":26},"end":{"line":89,"column":27}},"loc":{"start":{"line":89,"column":34},"end":{"line":89,"column":78}},"line":89},"13":{"name":"(anonymous_13)","decl":{"start":{"line":93,"column":25},"end":{"line":93,"column":26}},"loc":{"start":{"line":93,"column":31},"end":{"line":93,"column":54}},"line":93},"14":{"name":"(anonymous_14)","decl":{"start":{"line":124,"column":32},"end":{"line":124,"column":33}},"loc":{"start":{"line":125,"column":14},"end":{"line":156,"column":20}},"line":125},"15":{"name":"(anonymous_15)","decl":{"start":{"line":141,"column":27},"end":{"line":141,"column":28}},"loc":{"start":{"line":141,"column":33},"end":{"line":141,"column":58}},"line":141}},"branchMap":{"0":{"loc":{"start":{"line":20,"column":26},"end":{"line":20,"column":41}},"type":"default-arg","locations":[{"start":{"line":20,"column":36},"end":{"line":20,"column":41}}],"line":20},"1":{"loc":{"start":{"line":26,"column":4},"end":{"line":26,"column":25}},"type":"if","locations":[{"start":{"line":26,"column":4},"end":{"line":26,"column":25}},{"start":{},"end":{}}],"line":26},"2":{"loc":{"start":{"line":33,"column":4},"end":{"line":33,"column":22}},"type":"if","locations":[{"start":{"line":33,"column":4},"end":{"line":33,"column":22}},{"start":{},"end":{}}],"line":33},"3":{"loc":{"start":{"line":91,"column":13},"end":{"line":108,"column":13}},"type":"binary-expr","locations":[{"start":{"line":91,"column":13},"end":{"line":91,"column":20}},{"start":{"line":92,"column":14},"end":{"line":107,"column":23}}],"line":91},"4":{"loc":{"start":{"line":113,"column":7},"end":{"line":160,"column":7}},"type":"binary-expr","locations":[{"start":{"line":113,"column":7},"end":{"line":113,"column":14}},{"start":{"line":113,"column":18},"end":{"line":113,"column":43}},{"start":{"line":114,"column":8},"end":{"line":159,"column":18}}],"line":113}},"s":{"0":0,"1":0,"2":0,"3":0,"4":0,"5":0,"6":0,"7":0,"8":0,"9":0,"10":0,"11":0,"12":0,"13":0,"14":0,"15":0,"16":0,"17":0,"18":0,"19":0,"20":0,"21":0,"22":0,"23":0,"24":0,"25":0,"26":0,"27":0,"28":0,"29":0},"f":{"0":0,"1":0,"2":0,"3":0,"4":0,"5":0,"6":0,"7":0,"8":0,"9":0,"10":0,"11":0,"12":0,"13":0,"14":0,"15":0},"b":{"0":[0],"1":[0,0],"2":[0,0],"3":[0,0],"4":[0,0,0]}}
,"/home/etec/Documentos/Homy/HomyProyecto/src/components/Promociones.jsx": {"path":"/home/etec/Documentos/Homy/HomyProyecto/src/components/Promociones.jsx","statementMap":{"0":{"start":{"line":6,"column":40},"end":{"line":6,"column":56}},"1":{"start":{"line":7,"column":44},"end":{"line":7,"column":56}},"2":{"start":{"line":9,"column":23},"end":{"line":14,"column":3}},"3":{"start":{"line":10,"column":20},"end":{"line":10,"column":36}},"4":{"start":{"line":11,"column":4},"end":{"line":11,"column":38}},"5":{"start":{"line":11,"column":31},"end":{"line":11,"column":38}},"6":{"start":{"line":12,"column":4},"end":{"line":12,"column":63}},"7":{"start":{"line":12,"column":29},"end":{"line":12,"column":61}},"8":{"start":{"line":12,"column":51},"end":{"line":12,"column":60}},"9":{"start":{"line":13,"column":4},"end":{"line":13,"column":76}},"10":{"start":{"line":13,"column":28},"end":{"line":13,"column":74}},"11":{"start":{"line":16,"column":24},"end":{"line":21,"column":3}},"12":{"start":{"line":17,"column":17},"end":{"line":17,"column":55}},"13":{"start":{"line":17,"column":43},"end":{"line":17,"column":54}},"14":{"start":{"line":18,"column":4},"end":{"line":18,"column":22}},"15":{"start":{"line":18,"column":15},"end":{"line":18,"column":22}},"16":{"start":{"line":19,"column":4},"end":{"line":19,"column":44}},"17":{"start":{"line":19,"column":26},"end":{"line":19,"column":42}},"18":{"start":{"line":20,"column":4},"end":{"line":20,"column":58}},"19":{"start":{"line":20,"column":28},"end":{"line":20,"column":56}},"20":{"start":{"line":20,"column":44},"end":{"line":20,"column":55}},"21":{"start":{"line":23,"column":2},"end":{"line":126,"column":4}},"22":{"start":{"line":49,"column":12},"end":{"line":72,"column":18}},"23":{"start":{"line":56,"column":33},"end":{"line":56,"column":50}},"24":{"start":{"line":95,"column":14},"end":{"line":120,"column":20}},"25":{"start":{"line":105,"column":33},"end":{"line":105,"column":52}}},"fnMap":{"0":{"name":"Promociones","decl":{"start":{"line":5,"column":24},"end":{"line":5,"column":35}},"loc":{"start":{"line":5,"column":70},"end":{"line":127,"column":1}},"line":5},"1":{"name":"(anonymous_1)","decl":{"start":{"line":9,"column":23},"end":{"line":9,"column":24}},"loc":{"start":{"line":9,"column":32},"end":{"line":14,"column":3}},"line":9},"2":{"name":"(anonymous_2)","decl":{"start":{"line":12,"column":19},"end":{"line":12,"column":20}},"loc":{"start":{"line":12,"column":29},"end":{"line":12,"column":61}},"line":12},"3":{"name":"(anonymous_3)","decl":{"start":{"line":12,"column":41},"end":{"line":12,"column":42}},"loc":{"start":{"line":12,"column":51},"end":{"line":12,"column":60}},"line":12},"4":{"name":"(anonymous_4)","decl":{"start":{"line":13,"column":21},"end":{"line":13,"column":22}},"loc":{"start":{"line":13,"column":28},"end":{"line":13,"column":74}},"line":13},"5":{"name":"(anonymous_5)","decl":{"start":{"line":16,"column":24},"end":{"line":16,"column":25}},"loc":{"start":{"line":16,"column":32},"end":{"line":21,"column":3}},"line":16},"6":{"name":"(anonymous_6)","decl":{"start":{"line":17,"column":36},"end":{"line":17,"column":37}},"loc":{"start":{"line":17,"column":43},"end":{"line":17,"column":54}},"line":17},"7":{"name":"(anonymous_7)","decl":{"start":{"line":19,"column":19},"end":{"line":19,"column":20}},"loc":{"start":{"line":19,"column":26},"end":{"line":19,"column":42}},"line":19},"8":{"name":"(anonymous_8)","decl":{"start":{"line":20,"column":21},"end":{"line":20,"column":22}},"loc":{"start":{"line":20,"column":28},"end":{"line":20,"column":56}},"line":20},"9":{"name":"(anonymous_9)","decl":{"start":{"line":20,"column":37},"end":{"line":20,"column":38}},"loc":{"start":{"line":20,"column":44},"end":{"line":20,"column":55}},"line":20},"10":{"name":"(anonymous_10)","decl":{"start":{"line":48,"column":26},"end":{"line":48,"column":27}},"loc":{"start":{"line":49,"column":12},"end":{"line":72,"column":18}},"line":49},"11":{"name":"(anonymous_11)","decl":{"start":{"line":56,"column":27},"end":{"line":56,"column":28}},"loc":{"start":{"line":56,"column":33},"end":{"line":56,"column":50}},"line":56},"12":{"name":"(anonymous_12)","decl":{"start":{"line":94,"column":31},"end":{"line":94,"column":32}},"loc":{"start":{"line":95,"column":14},"end":{"line":120,"column":20}},"line":95},"13":{"name":"(anonymous_13)","decl":{"start":{"line":105,"column":27},"end":{"line":105,"column":28}},"loc":{"start":{"line":105,"column":33},"end":{"line":105,"column":52}},"line":105}},"branchMap":{"0":{"loc":{"start":{"line":5,"column":38},"end":{"line":5,"column":49}},"type":"default-arg","locations":[{"start":{"line":5,"column":47},"end":{"line":5,"column":49}}],"line":5},"1":{"loc":{"start":{"line":5,"column":51},"end":{"line":5,"column":66}},"type":"default-arg","locations":[{"start":{"line":5,"column":61},"end":{"line":5,"column":66}}],"line":5},"2":{"loc":{"start":{"line":11,"column":4},"end":{"line":11,"column":38}},"type":"if","locations":[{"start":{"line":11,"column":4},"end":{"line":11,"column":38}},{"start":{},"end":{}}],"line":11},"3":{"loc":{"start":{"line":18,"column":4},"end":{"line":18,"column":22}},"type":"if","locations":[{"start":{"line":18,"column":4},"end":{"line":18,"column":22}},{"start":{},"end":{}}],"line":18},"4":{"loc":{"start":{"line":47,"column":9},"end":{"line":78,"column":9}},"type":"cond-expr","locations":[{"start":{"line":48,"column":10},"end":{"line":73,"column":12}},{"start":{"line":75,"column":10},"end":{"line":77,"column":17}}],"line":47},"5":{"loc":{"start":{"line":47,"column":9},"end":{"line":47,"column":46}},"type":"binary-expr","locations":[{"start":{"line":47,"column":9},"end":{"line":47,"column":20}},{"start":{"line":47,"column":24},"end":{"line":47,"column":46}}],"line":47},"6":{"loc":{"start":{"line":54,"column":15},"end":{"line":71,"column":15}},"type":"binary-expr","locations":[{"start":{"line":54,"column":15},"end":{"line":54,"column":22}},{"start":{"line":55,"column":16},"end":{"line":70,"column":25}}],"line":54},"7":{"loc":{"start":{"line":81,"column":7},"end":{"line":124,"column":7}},"type":"binary-expr","locations":[{"start":{"line":81,"column":7},"end":{"line":81,"column":14}},{"start":{"line":81,"column":18},"end":{"line":81,"column":42}},{"start":{"line":82,"column":8},"end":{"line":123,"column":18}}],"line":81}},"s":{"0":4,"1":4,"2":4,"3":1,"4":1,"5":0,"6":1,"7":1,"8":1,"9":1,"10":1,"11":4,"12":0,"13":0,"14":0,"15":0,"16":0,"17":0,"18":0,"19":0,"20":0,"21":4,"22":3,"23":1,"24":1,"25":0},"f":{"0":4,"1":1,"2":1,"3":1,"4":1,"5":0,"6":0,"7":0,"8":0,"9":0,"10":3,"11":1,"12":1,"13":0},"b":{"0":[0],"1":[2],"2":[0,1],"3":[0,0],"4":[2,2],"5":[4,4],"6":[3,1],"7":[4,2,1]},"_coverageSchema":"1a1c01bbd47fc00a2c39e90264f33305004495a9","hash":"d32878e299b94e5d8bd1b634a63c6c3a8f0566f2"}
[...]
column":45},"end":{"line":129,"column":64}},"65":{"start":{"line":130,"column":39},"end":{"line":130,"column":57}},"66":{"start":{"line":133,"column":62},"end":{"line":133,"column":80}}},"fnMap":{"0":{"name":"(anonymous_0)","decl":{"start":{"line":5,"column":20},"end":{"line":5,"column":21}},"loc":{"start":{"line":5,"column":86},"end":{"line":142,"column":1}},"line":5},"1":{"name":"(anonymous_1)","decl":{"start":{"line":16,"column":12},"end":{"line":16,"column":13}},"loc":{"start":{"line":16,"column":18},"end":{"line":19,"column":3}},"line":16},"2":{"name":"(anonymous_2)","decl":{"start":{"line":21,"column":12},"end":{"line":21,"column":13}},"loc":{"start":{"line":21,"column":18},"end":{"line":23,"column":3}},"line":21},"3":{"name":"(anonymous_3)","decl":{"start":{"line":25,"column":25},"end":{"line":25,"column":26}},"loc":{"start":{"line":25,"column":38},"end":{"line":35,"column":3}},"line":25},"4":{"name":"(anonymous_4)","decl":{"start":{"line":30,"column":17},"end":{"line":30,"column":18}},"loc":{"start":{"line":31,"column":6},"end":{"line":33,"column":28}},"line":31},"5":{"name":"(anonymous_5)","decl":{"start":{"line":31,"column":16},"end":{"line":31,"column":17}},"loc":{"start":{"line":31,"column":23},"end":{"line":31,"column":42}},"line":31},"6":{"name":"(anonymous_6)","decl":{"start":{"line":32,"column":22},"end":{"line":32,"column":23}},"loc":{"start":{"line":32,"column":29},"end":{"line":32,"column":48}},"line":32},"7":{"name":"(anonymous_7)","decl":{"start":{"line":40,"column":12},"end":{"line":40,"column":13}},"loc":{"start":{"line":40,"column":18},"end":{"line":93,"column":3}},"line":40},"8":{"name":"(anonymous_8)","decl":{"start":{"line":41,"column":21},"end":{"line":41,"column":22}},"loc":{"start":{"line":41,"column":33},"end":{"line":90,"column":5}},"line":41},"9":{"name":"(anonymous_9)","decl":{"start":{"line":52,"column":32},"end":{"line":52,"column":33}},"loc":{"start":{"line":52,"column":43},"end":{"line":56,"column":9}},"line":52},"10":{"name":"(anonymous_10)","decl":{"start":{"line":60,"column":10},"end":{"line":60,"column":11}},"loc":{"start":{"line":60,"column":30},"end":{"line":60,"column":80}},"line":60},"11":{"name":"(anonymous_11)","decl":{"start":{"line":60,"column":55},"end":{"line":60,"column":56}},"loc":{"start":{"line":60,"column":64},"end":{"line":60,"column":79}},"line":60},"12":{"name":"(anonymous_12)","decl":{"start":{"line":65,"column":22},"end":{"line":65,"column":23}},"loc":{"start":{"line":65,"column":38},"end":{"line":80,"column":11}},"line":65},"13":{"name":"(anonymous_13)","decl":{"start":{"line":103,"column":20},"end":{"line":103,"column":21}},"loc":{"start":{"line":103,"column":33},"end":{"line":139,"column":7}},"line":103},"14":{"name":"(anonymous_14)","decl":{"start":{"line":104,"column":37},"end":{"line":104,"column":38}},"loc":{"start":{"line":104,"column":44},"end":{"line":104,"column":63}},"line":104},"15":{"name":"(anonymous_15)","decl":{"start":{"line":112,"column":25},"end":{"line":112,"column":26}},"loc":{"start":{"line":112,"column":33},"end":{"line":112,"column":66}},"line":112},"16":{"name":"(anonymous_16)","decl":{"start":{"line":117,"column":25},"end":{"line":117,"column":26}},"loc":{"start":{"line":117,"column":31},"end":{"line":117,"column":54}},"line":117},"17":{"name":"(anonymous_17)","decl":{"start":{"line":126,"column":29},"end":{"line":126,"column":30}},"loc":{"start":{"line":126,"column":39},"end":{"line":126,"column":61}},"line":126},"18":{"name":"(anonymous_18)","decl":{"start":{"line":128,"column":33},"end":{"line":128,"column":34}},"loc":{"start":{"line":128,"column":39},"end":{"line":128,"column":62}},"line":128},"19":{"name":"(anonymous_19)","decl":{"start":{"line":129,"column":38},"end":{"line":129,"column":39}},"loc":{"start":{"line":129,"column":45},"end":{"line":129,"column":64}},"line":129},"20":{"name":"(anonymous_20)","decl":{"start":{"line":130,"column":33},"end":{"line":130,"column":34}},"loc":{"start":{"line":130,"column":39},"end":{"line":130,"column":57}},"line":130},"21":{"name":"(anonymous_21)","decl":{"start":{"line":133,"column":56},"end":{"line":133,"column":57}},"loc":{"start":{"line":133,"column":62},"end":{"line":133,"column":80}},"line":133}},"branchMap":{"0":{"loc":{"start":{"line":14,"column":17},"end":{"line":14,"column":97}},"type":"cond-expr","locations":[{"start":{"line":14,"column":24},"end":{"line":14,"column":72}},{"start":{"line":14,"column":75},"end":{"line":14,"column":97}}],"line":14},"1":{"loc":{"start":{"line":14,"column":42},"end":{"line":14,"column":70}},"type":"binary-expr","locations":[{"start":{"line":14,"column":42},"end":{"line":14,"column":49}},{"start":{"line":14,"column":53},"end":{"line":14,"column":70}}],"line":14},"2":{"loc":{"start":{"line":18,"column":4},"end":{"line":18,"column":47}},"type":"if","locations":[{"start":{"line":18,"column":4},"end":{"line":18,"column":47}},{"start":{},"end":{}}],"line":18},"3":{"loc":{"start":{"line":26,"column":4},"end":{"line":29,"column":5}},"type":"if","locations":[{"start":{"line":26,"column":4},"end":{"line":29,"column":5}},{"start":{},"end":{}}],"line":26},"4":{"loc":{"start":{"line":27,"column":6},"end":{"line":27,"column":39}},"type":"if","locations":[{"start":{"line":27,"column":6},"end":{"line":27,"column":39}},{"start":{},"end":{}}],"line":27},"5":{"loc":{"start":{"line":31,"column":6},"end":{"line":33,"column":28}},"type":"cond-expr","locations":[{"start":{"line":32,"column":10},"end":{"line":32,"column":49}},{"start":{"line":33,"column":10},"end":{"line":33,"column":28}}],"line":31},"6":{"loc":{"start":{"line":48,"column":8},"end":{"line":48,"column":67}},"type":"if","locations":[{"start":{"line":48,"column":8},"end":{"line":48,"column":67}},{"start":{},"end":{}}],"line":48},"7":{"loc":{"start":{"line":51,"column":22},"end":{"line":51,"column":70}},"type":"cond-expr","locations":[{"start":{"line":51,"column":44},"end":{"line":51,"column":48}},{"start":{"line":51,"column":51},"end":{"line":51,"column":70}}],"line":51},"8":{"loc":{"start":{"line":51,"column":51},"end":{"line":51,"column":70}},"type":"binary-expr","locations":[{"start":{"line":51,"column":51},"end":{"line":51,"column":64}},{"start":{"line":51,"column":68},"end":{"line":51,"column":70}}],"line":51},"9":{"loc":{"start":{"line":53,"column":14},"end":{"line":53,"column":41}},"type":"binary-expr","locations":[{"start":{"line":53,"column":14},"end":{"line":53,"column":30}},{"start":{"line":53,"column":34},"end":{"line":53,"column":41}}],"line":53},"10":{"loc":{"start":{"line":54,"column":16},"end":{"line":54,"column":47}},"type":"binary-expr","locations":[{"start":{"line":54,"column":16},"end":{"line":54,"column":34}},{"start":{"line":54,"column":38},"end":{"line":54,"column":47}}],"line":54},"11":{"loc":{"start":{"line":55,"column":17},"end":{"line":55,"column":32}},"type":"binary-expr","locations":[{"start":{"line":55,"column":17},"end":{"line":55,"column":27}},{"start":{"line":55,"column":31},"end":{"line":55,"column":32}}],"line":55},"12":{"loc":{"start":{"line":68,"column":14},"end":{"line":68,"column":42}},"type":"if","locations":[{"start":{"line":68,"column":14},"end":{"line":68,"column":42}},{"start":{},"end":{}}],"line":68},"13":{"loc":{"start":{"line":70,"column":26},"end":{"line":70,"column":60}},"type":"binary-expr","locations":[{"start":{"line":70,"column":26},"end":{"line":70,"column":40}},{"start":{"line":70,"column":44},"end":{"line":70,"column":52}},{"start":{"line":70,"column":56},"end":{"line":70,"column":60}}],"line":70},"14":{"loc":{"start":{"line":71,"column":14},"end":{"line":75,"column":15}},"type":"if","locations":[{"start":{"line":71,"column":14},"end":{"line":75,"column":15}},{"start":{},"end":{}}],"line":71},"15":{"loc":{"start":{"line":72,"column":33},"end":{"line":74,"column":70}},"type":"cond-expr","locations":[{"start":{"line":73,"column":20},"end":{"line":73,"column":23}},{"start":{"line":74,"column":20},"end":{"line":74,"column":70}}],"line":72},"16":{"loc":{"start":{"line":98,"column":2},"end":{"line":98,"column":83}},"type":"if","locations":[{"start":{"line":98,"column":2},"end":{"line":98,"column":83}},{"start":{},"end":{}}],"line":98},"17":{"loc":{"start":{"line":99,"column":2},"end":{"line":99,"column":88}},"type":"if","locations":[{"start":{"line":99,"column":2},"end":{"line":99,"column":88}},{"start":{},"end":{}}],"line":99},"18":{"loc":{"start":{"line":110,"column":21},"end":{"line":110,"column":53}},"type":"binary-expr","locations":[{"start":{"line":110,"column":21},"end":{"line":110,"column":38}},{"start":{"line":110,"column":42},"end":{"line":110,"column":53}}],"line":110},"19":{"loc":{"start":{"line":119,"column":17},"end":{"line":119,"column":78}},"type":"cond-expr","locations":[{"start":{"line":119,"column":25},"end":{"line":119,"column":48}},{"start":{"line":119,"column":51},"end":{"line":119,"column":78}}],"line":119},"20":{"loc":{"start":{"line":126,"column":13},"end":{"line":136,"column":13}},"type":"cond-expr","locations":[{"start":{"line":127,"column":14},"end":{"line":131,"column":20}},{"start":{"line":133,"column":14},"end":{"line":135,"column":23}}],"line":126}},"s":{"0":0,"1":0,"2":0,"3":0,"4":0,"5":0,"6":0,"7":0,"8":0,"9":0,"10":0,"11":0,"12":0,"13":0,"14":0,"15":0,"16":0,"17":0,"18":0,"19":0,"20":0,"21":0,"22":0,"23":0,"24":0,"25":0,"26":0,"27":0,"28":0,"29":0,"30":0,"31":0,"32":0,"33":0,"34":0,"35":0,"36":0,"37":0,"38":0,"39":0,"40":0,"41":0,"42":0,"43":0,"44":0,"45":0,"46":0,"47":0,"48":0,"49":0,"50":0,"51":0,"52":0,"53":0,"54":0,"55":0,"56":0,"57":0,"58":0,"59":0,"60":0,"61":0,"62":0,"63":0,"64":0,"65":0,"66":0},"f":{"0":0,"1":0,"2":0,"3":0,"4":0,"5":0,"6":0,"7":0,"8":0,"9":0,"10":0,"11":0,"12":0,"13":0,"14":0,"15":0,"16":0,"17":0,"18":0,"19":0,"20":0,"21":0},"b":{"0":[0,0],"1":[0,0],"2":[0,0],"3":[0,0],"4":[0,0],"5":[0,0],"6":[0,0],"7":[0,0],"8":[0,0],"9":[0,0],"10":[0,0],"11":[0,0],"12":[0,0],"13":[0,0,0],"14":[0,0],"15":[0,0],"16":[0,0],"17":[0,0],"18":[0,0],"19":[0,0],"20":[0,0]}}
,"/home/etec/Documentos/Homy/HomyProyecto/src/login/App.jsx": {"path":"/home/etec/Documentos/Homy/HomyProyecto/src/login/App.jsx","statementMap":{"0":{"start":{"line":5,"column":4},"end":{"line":10,"column":5}}},"fnMap":{"0":{"name":"App","decl":{"start":{"line":4,"column":24},"end":{"line":4,"column":27}},"loc":{"start":{"line":4,"column":29},"end":{"line":11,"column":1}},"line":4}},"branchMap":{},"s":{"0":0},"f":{"0":0},"b":{}}
,"/home/etec/Documentos/Homy/HomyProyecto/src/login/login.jsx": {"path":"/home/etec/Documentos/Homy/HomyProyecto/src/login/login.jsx","statementMap":{"0":{"start":{"line":8,"column":28},"end":{"line":8,"column":40}},"1":{"start":{"line":9,"column":34},"end":{"line":9,"column":46}},"2":{"start":{"line":10,"column":42},"end":{"line":10,"column":57}},"3":{"start":{"line":11,"column":28},"end":{"line":11,"column":40}},"4":{"start":{"line":13,"column":23},"end":{"line":43,"column":3}},"5":{"start":{"line":14,"column":4},"end":{"line":14,"column":23}},"6":{"start":{"line":17,"column":4},"end":{"line":22,"column":5}},"7":{"start":{"line":18,"column":6},"end":{"line":18,"column":47}},"8":{"start":{"line":19,"column":6},"end":{"line":19,"column":13}},"9":{"start":{"line":21,"column":6},"end":{"line":21,"column":19}},"10":{"start":{"line":24,"column":4},"end":{"line":42,"column":5}},"11":{"start":{"line":25,"column":23},"end":{"line":31,"column":8}},"12":{"start":{"line":32,"column":19},"end":{"line":32,"column":40}},"13":{"start":{"line":33,"column":6},"end":{"line":38,"column":7}},"14":{"start":{"line":34,"column":25},"end":{"line":34,"column":42}},"15":{"start":{"line":35,"column":8},"end":{"line":35,"column":53}},"16":{"start":{"line":35,"column":28},"end":{"line":35,"column":53}},"17":{"start":{"line":37,"column":8},"end":{"line":37,"column":71}},"18":{"start":{"line":40,"column":6},"end":{"line":40,"column":52}},"19":{"start":{"line":41,"column":6},"end":{"line":41,"column":51}},"20":{"start":{"line":45,"column":2},"end":{"line":47,"column":3}},"21":{"start":{"line":46,"column":4},"end":{"line":46,"column":62}},"22":{"start":{"line":46,"column":35},"end":{"line":46,"column":57}},"23":{"start":{"line":48,"column":2},"end":{"line":96,"column":4}},"24":{"start":{"line":65,"column":27},"end":{"line":65,"column":51}},"25":{"start":{"line":74,"column":27},"end":{"line":74,"column":54}},"26":{"start":{"line":89,"column":25},"end":{"line":89,"column":46}}},"fnMap":{"0":{"name":"Login","decl":{"start":{"line":7,"column":24},"end":{"line":7,"column":29}},"loc":{"start":{"line":7,"column":59},"end":{"line":97,"column":1}},"line":7},"1":{"name":"(anonymous_1)","decl":{"start":{"line":13,"column":23},"end":{"line":13,"column":24}},"loc":{"start":{"line":13,"column":36},"end":{"line":43,"column":3}},"line":13},"2":{"name":"(anonymous_2)","decl":{"start":{"line":46,"column":29},"end":{"line":46,"column":30}},"loc":{"start":{"line":46,"column":35},"end":{"line":46,"column":57}},"line":46},"3":{"name":"(anonymous_3)","decl":{"start":{"line":65,"column":20},"end":{"line":65,"column":21}},"loc":{"start":{"line":65,"column":27},"end":{"line":65,"column":51}},"line":65},"4":{"name":"(anonymous_4)","decl":{"start":{"line":74,"column":20},"end":{"line":74,"column":21}},"loc":{"start":{"line":74,"column":27},"end":{"line":74,"column":54}},"line":74},"5":{"name":"(anonymous_5)","decl":{"start":{"line":89,"column":19},"end":{"line":89,"column":20}},"loc":{"start":{"line":89,"column":25},"end":{"line":89,"column":46}},"line":89}},"branchMap":{"0":{"loc":{"start":{"line":17,"column":4},"end":{"line":22,"column":5}},"type":"if","locations":[{"start":{"line":17,"column":4},"end":{"line":22,"column":5}},{"start":{"line":20,"column":11},"end":{"line":22,"column":5}}],"line":17},"1":{"loc":{"start":{"line":33,"column":6},"end":{"line":38,"column":7}},"type":"if","locations":[{"start":{"line":33,"column":6},"end":{"line":38,"column":7}},{"start":{"line":36,"column":13},"end":{"line":38,"column":7}}],"line":33},"2":{"loc":{"start":{"line":34,"column":25},"end":{"line":34,"column":42}},"type":"binary-expr","locations":[{"start":{"line":34,"column":25},"end":{"line":34,"column":34}},{"start":{"line":34,"column":38},"end":{"line":34,"column":42}}],"line":34},"3":{"loc":{"start":{"line":35,"column":8},"end":{"line":35,"column":53}},"type":"if","locations":[{"start":{"line":35,"column":8},"end":{"line":35,"column":53}},{"start":{},"end":{}}],"line":35},"4":{"loc":{"start":{"line":37,"column":27},"end":{"line":37,"column":68}},"type":"binary-expr","locations":[{"start":{"line":37,"column":27},"end":{"line":37,"column":37}},{"start":{"line":37,"column":41},"end":{"line":37,"column":68}}],"line":37},"5":{"loc":{"start":{"line":45,"column":2},"end":{"line":47,"column":3}},"type":"if","locations":[{"start":{"line":45,"column":2},"end":{"line":47,"column":3}},{"start":{},"end":{}}],"line":45},"6":{"loc":{"start":{"line":56,"column":9},"end":{"line":60,"column":9}},"type":"binary-expr","locations":[{"start":{"line":56,"column":9},"end":{"line":56,"column":16}},{"start":{"line":57,"column":10},"end":{"line":59,"column":19}}],"line":56},"7":{"loc":{"start":{"line":68,"column":9},"end":{"line":68,"column":79}},"type":"binary-expr","locations":[{"start":{"line":68,"column":9},"end":{"line":68,"column":14}},{"start":{"line":68,"column":18},"end":{"line":68,"column":79}}],"line":68}},"s":{"0":8,"1":8,"2":8,"3":8,"4":8,"5":2,"6":2,"7":1,"8":1,"9":1,"10":1,"11":1,"12":1,"13":1,"14":1,"15":1,"16":0,"17":0,"18":0,"19":0,"20":8,"21":0,"22":0,"23":8,"24":2,"25":2,"26":0},"f":{"0":8,"1":2,"2":0,"3":2,"4":2,"5":0},"b":{"0":[1,1],"1":[1,0],"2":[1,0],"3":[0,1],"4":[0,0],"5":[0,8],"6":[8,0],"7":[8,1]},"_coverageSchema":"1a1c01bbd47fc00a2c39e90264f33305004495a9","hash":"11fa88d83aced3cf9b389f95a1323e77bc294e91"}
,"/home/etec/Documentos/Homy/HomyProyecto/src/register/App.jsx": {"path":"/home/etec/Documentos/Homy/HomyProyecto/src/register/App.jsx","statementMap":{"0":{"start":{"line":5,"column":2},"end":{"line":9,"column":4}}},"fnMap":{"0":{"name":"App","decl":{"start":{"line":4,"column":9},"end":{"line":4,"column":12}},"loc":{"start":{"line":4,"column":15},"end":{"line":10,"column":1}},"line":4}},"branchMap":{},"s":{"0":0},"f":{"0":0},"b":{}}
,"/home/etec/Documentos/Homy/HomyProyecto/src/register/Register.jsx": {"path":"/home/etec/Documentos/Homy/HomyProyecto/src/register/Register.jsx","statementMap":{"0":{"start":{"line":7,"column":26},"end":{"line":13,"column":4}},"1":{"start":{"line":14,"column":28},"end":{"line":14,"column":40}},"2":{"start":{"line":16,"column":23},"end":{"line":21,"column":3}},"3":{"start":{"line":17,"column":4},"end":{"line":20,"column":7}},"4":{"start":{"line":23,"column":23},"end":{"line":56,"column":3}},"5":{"start":{"line":24,"column":4},"end":{"line":24,"column":23}},"6":{"start":{"line":26,"column":4},"end":{"line":31,"column":5}},"7":{"start":{"line":27,"column":6},"end":{"line":27,"column":47}},"8":{"start":{"line":28,"column":6},"end":{"line":28,"column":13}},"9":{"start":{"line":30,"column":6},"end":{"line":30,"column":19}},"10":{"start":{"line":32,"column":4},"end":{"line":55,"column":5}},"11":{"start":{"line":33,"column":23},"end":{"line":45,"column":8}},"12":{"start":{"line":46,"column":19},"end":{"line":46,"column":40}},"13":{"start":{"line":47,"column":6},"end":{"line":52,"column":7}},"14":{"start":{"line":48,"column":8},"end":{"line":48,"column":49}},"15":{"start":{"line":49,"column":8},"end":{"line":49,"column":29}},"16":{"start":{"line":49,"column":20},"end":{"line":49,"column":29}},"17":{"start":{"line":51,"column":8},"end":{"line":51,"column":66}},"18":{"start":{"line":54,"column":6},"end":{"line":54,"column":49}},"19":{"start":{"line":58,"column":2},"end":{"line":126,"column":4}}},"fnMap":{"0":{"name":"Register","decl":{"start":{"line":6,"column":9},"end":{"line":6,"column":17}},"loc":{"start":{"line":6,"column":30},"end":{"line":127,"column":1}},"line":6},"1":{"name":"(anonymous_1)","decl":{"start":{"line":16,"column":23},"end":{"line":16,"column":24}},"loc":{"start":{"line":16,"column":30},"end":{"line":21,"column":3}},"line":16},"2":{"name":"(anonymous_2)","decl":{"start":{"line":23,"column":23},"end":{"line":23,"column":24}},"loc":{"start":{"line":23,"column":36},"end":{"line":56,"column":3}},"line":23}},"branchMap":{"0":{"loc":{"start":{"line":26,"column":4},"end":{"line":31,"column":5}},"type":"if","locations":[{"start":{"line":26,"column":4},"end":{"line":31,"column":5}},{"start":{"line":29,"column":11},"end":{"line":31,"column":5}}],"line":26},"1":{"loc":{"start":{"line":47,"column":6},"end":{"line":52,"column":7}},"type":"if","locations":[{"start":{"line":47,"column":6},"end":{"line":52,"column":7}},{"start":{"line":50,"column":13},"end":{"line":52,"column":7}}],"line":47},"2":{"loc":{"start":{"line":49,"column":8},"end":{"line":49,"column":29}},"type":"if","locations":[{"start":{"line":49,"column":8},"end":{"line":49,"column":29}},{"start":{},"end":{}}],"line":49},"3":{"loc":{"start":{"line":51,"column":27},"end":{"line":51,"column":63}},"type":"binary-expr","locations":[{"start":{"line":51,"column":27},"end":{"line":51,"column":37}},{"start":{"line":51,"column":41},"end":{"line":51,"column":63}}],"line":51},"4":{"loc":{"start":{"line":60,"column":7},"end":{"line":64,"column":7}},"type":"binary-expr","locations":[{"start":{"line":60,"column":7},"end":{"line":60,"column":13}},{"start":{"line":61,"column":8},"end":{"line":63,"column":17}}],"line":60},"5":{"loc":{"start":{"line":67,"column":9},"end":{"line":67,"column":78}},"type":"binary-expr","locations":[{"start":{"line":67,"column":9},"end":{"line":67,"column":14}},{"start":{"line":67,"column":18},"end":{"line":67,"column":78}}],"line":67}},"s":{"0":14,"1":14,"2":14,"3":10,"4":14,"5":2,"6":2,"7":1,"8":1,"9":1,"10":1,"11":1,"12":1,"13":1,"14":1,"15":1,"16":1,"17":0,"18":0,"19":14},"f":{"0":14,"1":10,"2":2},"b":{"0":[1,1],"1":[1,0],"2":[1,0],"3":[0,0],"4":[14,7],"5":[14,1]},"_coverageSchema":"1a1c01bbd47fc00a2c39e90264f33305004495a9","hash":"3566c28a5d9f6c857101acecc1434eecd61ee960"}
}
