TN:
SF:src/cart/Cart.jsx
FN:15,Cart
FN:34,(anonymous_1)
FN:40,(anonymous_2)
FN:42,(anonymous_3)
FNF:4
FNH:2
FNDA:1,Cart
FNDA:2,(anonymous_1)
FNDA:0,(anonymous_2)
FNDA:0,(anonymous_3)
DA:16,1
DA:19,1
DA:35,2
DA:36,2
DA:40,0
DA:42,0
LF:6
LH:4
BRDA:15,0,0,0
BRDA:16,1,0,0
BRDA:16,1,1,1
BRDA:20,2,0,1
BRDA:20,2,1,0
BRDA:30,3,0,1
BRDA:30,3,1,0
BRF:7
BRH:3
end_of_record
TN:
SF:src/components/AdminOrders.jsx
FN:3,(anonymous_0)
FN:12,(anonymous_1)
FN:14,(anonymous_2)
FN:15,(anonymous_3)
FN:19,(anonymous_4)
FN:35,(anonymous_5)
FN:50,(anonymous_6)
FN:66,(anonymous_7)
FN:68,(anonymous_8)
FN:83,(anonymous_9)
FN:83,(anonymous_10)
FN:86,(anonymous_11)
FNF:12
FNH:0
FNDA:0,(anonymous_0)
FNDA:0,(anonymous_1)
FNDA:0,(anonymous_2)
FNDA:0,(anonymous_3)
FNDA:0,(anonymous_4)
FNDA:0,(anonymous_5)
FNDA:0,(anonymous_6)
FNDA:0,(anonymous_7)
FNDA:0,(anonymous_8)
FNDA:0,(anonymous_9)
FNDA:0,(anonymous_10)
FNDA:0,(anonymous_11)
DA:3,0
DA:4,0
DA:5,0
DA:6,0
DA:9,0
DA:10,0
DA:12,0
DA:13,0
DA:14,0
DA:16,0
DA:17,0
DA:20,0
DA:21,0
DA:25,0
DA:26,0
DA:27,0
DA:30,0
DA:31,0
DA:32,0
DA:33,0
DA:35,0
DA:36,0
DA:37,0
DA:38,0
DA:39,0
DA:41,0
DA:44,0
DA:51,0
DA:67,0
DA:69,0
DA:83,0
DA:84,0
DA:86,0
LF:33
LH:0
BRDA:25,0,0,0
BRDA:25,0,1,0
BRDA:26,1,0,0
BRDA:26,1,1,0
BRDA:27,2,0,0
BRDA:27,2,1,0
BRDA:36,3,0,0
BRDA:36,3,1,0
BRDA:38,4,0,0
BRDA:38,4,1,0
BRDA:89,5,0,0
BRDA:89,5,1,0
BRDA:90,6,0,0
BRDA:90,6,1,0
BRF:14
BRH:0
end_of_record
TN:
SF:src/components/Cart.jsx
FN:4,Cart
FN:19,(anonymous_1)
FNF:2
FNH:0
FNDA:0,Cart
FNDA:0,(anonymous_1)
DA:6,0
DA:8,0
DA:20,0
LF:3
LH:0
BRDA:11,0,0,0
BRDA:11,0,1,0
BRF:2
BRH:0
end_of_record
TN:
SF:src/components/CategoryProducts.jsx
FN:4,CategoryProducts
FN:10,(anonymous_1)
FN:12,(anonymous_2)
FN:16,(anonymous_3)
FN:20,(anonymous_4)
FN:37,(anonymous_5)
FNF:6
FNH:0
FNDA:0,CategoryProducts
FNDA:0,(anonymous_1)
FNDA:0,(anonymous_2)
FNDA:0,(anonymous_3)
FNDA:0,(anonymous_4)
FNDA:0,(anonymous_5)
DA:5,0
DA:6,0
DA:7,0
DA:8,0
DA:10,0
DA:11,0
DA:13,0
DA:14,0
DA:17,0
DA:18,0
DA:20,0
DA:23,0
DA:38,0
LF:13
LH:0
BRDA:13,0,0,0
BRDA:13,0,1,0
BRDA:18,1,0,0
BRDA:18,1,1,0
BRDA:26,2,0,0
BRDA:26,2,1,0
BRDA:28,3,0,0
BRDA:28,3,1,0
BRDA:48,4,0,0
BRDA:48,4,1,0
BRF:10
BRH:0
end_of_record
TN:
SF:src/components/Checkout.jsx
FN:10,(anonymous_0)
FN:26,(anonymous_1)
FN:28,(anonymous_2)
FN:35,(anonymous_3)
FN:38,(anonymous_4)
FN:39,(anonymous_5)
FN:40,(anonymous_6)
FN:41,(anonymous_7)
FN:44,(anonymous_8)
FN:67,(anonymous_9)
FN:88,(anonymous_10)
FN:125,(anonymous_11)
FN:133,(anonymous_12)
FN:147,(anonymous_13)
FN:152,(anonymous_14)
FN:162,(anonymous_15)
FN:184,(anonymous_16)
FN:194,(anonymous_17)
FN:200,(anonymous_18)
FN:216,(anonymous_19)
FN:222,(anonymous_20)
FN:226,(anonymous_21)
FN:236,(anonymous_22)
FN:247,(anonymous_23)
FN:253,(anonymous_24)
FN:260,(anonymous_25)
FN:267,(anonymous_26)
FNF:27
FNH:0
FNDA:0,(anonymous_0)
FNDA:0,(anonymous_1)
FNDA:0,(anonymous_2)
FNDA:0,(anonymous_3)
FNDA:0,(anonymous_4)
FNDA:0,(anonymous_5)
FNDA:0,(anonymous_6)
FNDA:0,(anonymous_7)
FNDA:0,(anonymous_8)
FNDA:0,(anonymous_9)
FNDA:0,(anonymous_10)
FNDA:0,(anonymous_11)
FNDA:0,(anonymous_12)
FNDA:0,(anonymous_13)
FNDA:0,(anonymous_14)
FNDA:0,(anonymous_15)
FNDA:0,(anonymous_16)
FNDA:0,(anonymous_17)
FNDA:0,(anonymous_18)
FNDA:0,(anonymous_19)
FNDA:0,(anonymous_20)
FNDA:0,(anonymous_21)
FNDA:0,(anonymous_22)
FNDA:0,(anonymous_23)
FNDA:0,(anonymous_24)
FNDA:0,(anonymous_25)
FNDA:0,(anonymous_26)
DA:4,0
DA:10,0
DA:11,0
DA:12,0
DA:13,0
DA:14,0
DA:15,0
DA:21,0
DA:22,0
DA:23,0
DA:24,0
DA:26,0
DA:27,0
DA:28,0
DA:31,0
DA:35,0
DA:36,0
DA:37,0
DA:38,0
DA:39,0
DA:41,0
DA:44,0
DA:45,0
DA:46,0
DA:49,0
DA:50,0
DA:51,0
DA:54,0
DA:55,0
DA:56,0
DA:57,0
DA:58,0
DA:61,0
DA:62,0
DA:63,0
DA:64,0
DA:67,0
DA:68,0
DA:69,0
DA:70,0
DA:72,0
DA:73,0
DA:74,0
DA:75,0
DA:76,0
DA:77,0
DA:78,0
DA:79,0
DA:81,0
DA:82,0
DA:83,0
DA:88,0
DA:90,0
DA:98,0
DA:99,0
DA:101,0
DA:104,0
DA:105,0
DA:107,0
DA:108,0
DA:110,0
DA:114,0
DA:118,0
DA:120,0
DA:125,0
DA:127,0
DA:128,0
DA:129,0
DA:130,0
DA:133,0
DA:135,0
DA:147,0
DA:152,0
DA:163,0
DA:181,0
DA:182,0
DA:184,0
DA:192,0
DA:194,0
DA:201,0
DA:216,0
DA:222,0
DA:226,0
DA:237,0
DA:247,0
DA:253,0
DA:260,0
DA:267,0
LF:88
LH:0
BRDA:38,0,0,0
BRDA:38,0,1,0
BRDA:39,1,0,0
BRDA:39,1,1,0
BRDA:39,2,0,0
BRDA:39,2,1,0
BRDA:49,3,0,0
BRDA:49,3,1,0
BRDA:49,4,0,0
BRDA:49,4,1,0
BRDA:49,4,2,0
BRDA:54,5,0,0
BRDA:54,5,1,0
BRDA:56,6,0,0
BRDA:56,6,1,0
BRDA:56,7,0,0
BRDA:56,7,1,0
BRDA:56,7,2,0
BRDA:62,8,0,0
BRDA:62,8,1,0
BRDA:68,9,0,0
BRDA:68,9,1,0
BRDA:74,10,0,0
BRDA:74,10,1,0
BRDA:77,11,0,0
BRDA:77,11,1,0
BRDA:77,12,0,0
BRDA:77,12,1,0
BRDA:77,12,2,0
BRDA:77,12,3,0
BRDA:81,13,0,0
BRDA:81,13,1,0
BRDA:98,14,0,0
BRDA:98,14,1,0
BRDA:104,15,0,0
BRDA:104,15,1,0
BRDA:118,16,0,0
BRDA:118,16,1,0
BRDA:120,17,0,0
BRDA:120,17,1,0
BRDA:122,18,0,0
BRDA:122,18,1,0
BRDA:127,19,0,0
BRDA:127,19,1,0
BRDA:128,20,0,0
BRDA:128,20,1,0
BRDA:129,21,0,0
BRDA:129,21,1,0
BRDA:150,22,0,0
BRDA:150,22,1,0
BRDA:154,23,0,0
BRDA:154,23,1,0
BRDA:166,24,0,0
BRDA:166,24,1,0
BRDA:166,25,0,0
BRDA:166,25,1,0
BRDA:181,26,0,0
BRDA:181,26,1,0
BRDA:181,27,0,0
BRDA:181,27,1,0
BRDA:232,28,0,0
BRDA:232,28,1,0
BRDA:274,29,0,0
BRDA:274,29,1,0
BRF:64
BRH:0
end_of_record
TN:
SF:src/components/Favorites.jsx
FN:3,Favorites
FN:4,(anonymous_1)
FN:10,(anonymous_2)
FN:16,(anonymous_3)
FN:23,(anonymous_4)
FN:24,(anonymous_5)
FN:32,(anonymous_6)
FN:35,(anonymous_7)
FN:36,(anonymous_8)
FN:36,(anonymous_9)
FN:46,(anonymous_10)
FN:59,(anonymous_11)
FN:65,(anonymous_12)
FNF:13
FNH:0
FNDA:0,Favorites
FNDA:0,(anonymous_1)
FNDA:0,(anonymous_2)
FNDA:0,(anonymous_3)
FNDA:0,(anonymous_4)
FNDA:0,(anonymous_5)
FNDA:0,(anonymous_6)
FNDA:0,(anonymous_7)
FNDA:0,(anonymous_8)
FNDA:0,(anonymous_9)
FNDA:0,(anonymous_10)
FNDA:0,(anonymous_11)
FNDA:0,(anonymous_12)
DA:4,0
DA:5,0
DA:6,0
DA:8,0
DA:10,0
DA:11,0
DA:12,0
DA:13,0
DA:16,0
DA:17,0
DA:18,0
DA:23,0
DA:24,0
DA:25,0
DA:26,0
DA:27,0
DA:28,0
DA:31,0
DA:32,0
DA:35,0
DA:36,0
DA:37,0
DA:40,0
DA:41,0
DA:46,0
DA:52,0
DA:60,0
DA:65,0
LF:28
LH:0
BRDA:5,0,0,0
BRDA:5,0,1,0
BRDA:6,1,0,0
BRDA:6,1,1,0
BRDA:6,1,2,0
BRDA:6,1,3,0
BRDA:11,2,0,0
BRDA:11,2,1,0
BRDA:13,3,0,0
BRDA:13,3,1,0
BRDA:17,4,0,0
BRDA:17,4,1,0
BRDA:25,5,0,0
BRDA:25,5,1,0
BRDA:26,6,0,0
BRDA:26,6,1,0
BRDA:28,7,0,0
BRDA:28,7,1,0
BRDA:37,8,0,0
BRDA:37,8,1,0
BRDA:40,9,0,0
BRDA:40,9,1,0
BRDA:46,10,0,0
BRDA:46,10,1,0
BRDA:55,11,0,0
BRDA:55,11,1,0
BRDA:62,12,0,0
BRDA:62,12,1,0
BRF:28
BRH:0
end_of_record
TN:
SF:src/components/Footer.jsx
FN:4,Footer
FNF:1
FNH:0
FNDA:0,Footer
DA:5,0
LF:1
LH:0
BRF:0
BRH:0
end_of_record
TN:
SF:src/components/Header.jsx
FN:12,PromocionesModal
FN:43,(anonymous_1)
FN:75,(anonymous_2)
FN:99,Header
FN:110,(anonymous_4)
FN:111,handleClickOutside
FN:124,(anonymous_6)
FN:129,(anonymous_7)
FN:131,(anonymous_8)
FN:132,(anonymous_9)
FN:133,(anonymous_10)
FN:136,(anonymous_11)
FN:137,(anonymous_12)
FN:156,(anonymous_13)
FN:164,(anonymous_14)
FN:177,(anonymous_15)
FN:185,(anonymous_16)
FN:186,(anonymous_17)
FN:190,(anonymous_18)
FN:196,(anonymous_19)
FN:197,(anonymous_20)
FN:200,(anonymous_21)
FN:201,handleClickOutside
FN:208,(anonymous_23)
FN:210,(anonymous_24)
FN:226,(anonymous_25)
FN:227,handleClickOutside
FN:240,(anonymous_27)
FN:244,(anonymous_28)
FN:245,(anonymous_29)
FN:246,(anonymous_30)
FN:247,(anonymous_31)
FN:274,(anonymous_32)
FN:279,(anonymous_33)
FN:279,(anonymous_34)
FN:296,(anonymous_35)
FN:300,(anonymous_36)
FN:348,(anonymous_37)
FN:353,(anonymous_38)
FN:356,(anonymous_39)
FN:372,(anonymous_40)
FN:410,(anonymous_41)
FN:413,(anonymous_42)
FN:477,(anonymous_43)
FN:518,(anonymous_44)
FN:518,(anonymous_45)
FN:550,(anonymous_46)
FN:569,(anonymous_47)
FNF:48
FNH:19
FNDA:0,PromocionesModal
FNDA:0,(anonymous_1)
FNDA:0,(anonymous_2)
FNDA:7,Header
FNDA:2,(anonymous_4)
FNDA:0,handleClickOutside
FNDA:2,(anonymous_6)
FNDA:2,(anonymous_7)
FNDA:2,(anonymous_8)
FNDA:2,(anonymous_9)
FNDA:0,(anonymous_10)
FNDA:2,(anonymous_11)
FNDA:2,(anonymous_12)
FNDA:0,(anonymous_13)
FNDA:0,(anonymous_14)
FNDA:0,(anonymous_15)
FNDA:0,(anonymous_16)
FNDA:0,(anonymous_17)
FNDA:0,(anonymous_18)
FNDA:2,(anonymous_19)
FNDA:2,(anonymous_20)
FNDA:2,(anonymous_21)
FNDA:0,handleClickOutside
FNDA:2,(anonymous_23)
FNDA:2,(anonymous_24)
FNDA:5,(anonymous_25)
FNDA:0,handleClickOutside
FNDA:5,(anonymous_27)
FNDA:0,(anonymous_28)
FNDA:0,(anonymous_29)
FNDA:0,(anonymous_30)
FNDA:0,(anonymous_31)
FNDA:0,(anonymous_32)
FNDA:2,(anonymous_33)
FNDA:2,(anonymous_34)
FNDA:12,(anonymous_35)
FNDA:1,(anonymous_36)
FNDA:0,(anonymous_37)
FNDA:0,(anonymous_38)
FNDA:0,(anonymous_39)
FNDA:0,(anonymous_40)
FNDA:0,(anonymous_41)
FNDA:0,(anonymous_42)
FNDA:0,(anonymous_43)
FNDA:0,(anonymous_44)
FNDA:0,(anonymous_45)
FNDA:0,(anonymous_46)
FNDA:0,(anonymous_47)
DA:13,0
DA:14,0
DA:43,0
DA:76,0
DA:106,7
DA:107,7
DA:108,7
DA:110,7
DA:112,0
DA:116,0
DA:119,2
DA:120,0
DA:122,2
DA:124,2
DA:125,2
DA:129,7
DA:130,2
DA:131,2
DA:132,2
DA:133,0
DA:136,7
DA:137,2
DA:138,2
DA:139,0
DA:143,2
DA:144,2
DA:145,2
DA:146,2
DA:148,0
DA:149,0
DA:150,0
DA:151,0
DA:153,0
DA:156,0
DA:157,0
DA:158,0
DA:159,0
DA:160,0
DA:163,0
DA:164,0
DA:166,7
DA:167,7
DA:168,7
DA:169,7
DA:170,7
DA:171,7
DA:172,7
DA:173,7
DA:174,7
DA:177,7
DA:178,0
DA:179,0
DA:180,0
DA:182,0
DA:185,0
DA:187,0
DA:188,0
DA:191,0
DA:192,0
DA:196,7
DA:197,2
DA:200,7
DA:202,0
DA:203,0
DA:206,2
DA:207,0
DA:208,2
DA:210,7
DA:211,2
DA:212,2
DA:226,7
DA:228,0
DA:232,0
DA:235,5
DA:236,2
DA:238,3
DA:240,5
DA:241,5
DA:244,7
DA:245,7
DA:246,7
DA:247,7
DA:248,7
DA:274,0
DA:279,2
DA:297,12
DA:301,1
DA:302,1
DA:349,0
DA:350,0
DA:351,0
DA:354,0
DA:357,0
DA:358,0
DA:359,0
DA:373,0
DA:374,0
DA:411,0
DA:414,0
DA:415,0
DA:416,0
DA:477,0
DA:518,0
DA:551,0
DA:552,0
DA:570,0
DA:571,0
LF:107
LH:52
BRDA:13,0,0,0
BRDA:13,0,1,0
BRDA:74,1,0,0
BRDA:74,1,1,0
BRDA:74,2,0,0
BRDA:74,2,1,0
BRDA:104,3,0,7
BRDA:112,4,0,0
BRDA:112,4,1,0
BRDA:113,5,0,0
BRDA:113,5,1,0
BRDA:119,6,0,0
BRDA:119,6,1,2
BRDA:138,7,0,2
BRDA:138,7,1,0
BRDA:140,8,0,0
BRDA:140,8,1,0
BRDA:140,8,2,0
BRDA:140,8,3,0
BRDA:144,9,0,2
BRDA:144,9,1,0
BRDA:150,10,0,0
BRDA:150,10,1,0
BRDA:151,11,0,0
BRDA:151,11,1,0
BRDA:157,12,0,0
BRDA:157,12,1,0
BRDA:159,13,0,0
BRDA:159,13,1,0
BRDA:160,14,0,0
BRDA:160,14,1,0
BRDA:178,15,0,0
BRDA:178,15,1,0
BRDA:178,16,0,0
BRDA:178,16,1,0
BRDA:187,17,0,0
BRDA:187,17,1,0
BRDA:202,18,0,0
BRDA:202,18,1,0
BRDA:202,19,0,0
BRDA:202,19,1,0
BRDA:206,20,0,0
BRDA:206,20,1,2
BRDA:211,21,0,2
BRDA:211,21,1,0
BRDA:211,22,0,2
BRDA:211,22,1,2
BRDA:228,23,0,0
BRDA:228,23,1,0
BRDA:229,24,0,0
BRDA:229,24,1,0
BRDA:235,25,0,2
BRDA:235,25,1,3
BRDA:283,26,0,7
BRDA:283,26,1,2
BRDA:354,27,0,0
BRDA:354,27,1,0
BRDA:357,28,0,0
BRDA:357,28,1,0
BRDA:395,29,0,7
BRDA:395,29,1,0
BRDA:395,29,2,0
BRDA:427,30,0,0
BRDA:427,30,1,0
BRDA:448,31,0,7
BRDA:448,31,1,0
BRDA:506,32,0,0
BRDA:506,32,1,7
BRDA:523,33,0,0
BRDA:523,33,1,0
BRDA:593,34,0,7
BRDA:593,34,1,0
BRF:72
BRH:16
end_of_record
TN:
SF:src/components/PaymentMethods.jsx
FN:20,(anonymous_0)
FN:24,(anonymous_1)
FN:27,(anonymous_2)
FN:27,(anonymous_3)
FN:28,(anonymous_4)
FN:31,(anonymous_5)
FN:32,(anonymous_6)
FN:34,(anonymous_7)
FN:35,(anonymous_8)
FN:35,(anonymous_9)
FN:60,(anonymous_10)
FN:86,(anonymous_11)
FN:89,(anonymous_12)
FN:93,(anonymous_13)
FN:124,(anonymous_14)
FN:141,(anonymous_15)
FNF:16
FNH:14
FNDA:8,(anonymous_0)
FNDA:2,(anonymous_1)
FNDA:2,(anonymous_2)
FNDA:26,(anonymous_3)
FNDA:2,(anonymous_4)
FNDA:1,(anonymous_5)
FNDA:1,(anonymous_6)
FNDA:1,(anonymous_7)
FNDA:1,(anonymous_8)
FNDA:1,(anonymous_9)
FNDA:102,(anonymous_10)
FNDA:0,(anonymous_11)
FNDA:0,(anonymous_12)
FNDA:2,(anonymous_13)
FNDA:2,(anonymous_14)
FNDA:1,(anonymous_15)
DA:5,4
DA:20,4
DA:21,8
DA:22,8
DA:24,8
DA:25,2
DA:26,2
DA:27,26
DA:28,2
DA:31,8
DA:32,1
DA:33,1
DA:34,1
DA:35,1
DA:38,8
DA:61,102
DA:87,0
DA:89,0
DA:93,2
DA:125,2
DA:141,1
LF:21
LH:19
BRDA:20,0,0,2
BRDA:26,1,0,0
BRDA:26,1,1,2
BRDA:33,2,0,0
BRDA:33,2,1,1
BRDA:91,3,0,102
BRDA:91,3,1,76
BRDA:113,4,0,8
BRDA:113,4,1,6
BRDA:113,4,2,2
BRF:10
BRH:8
end_of_record
TN:
SF:src/components/Promociones.jsx
FN:5,Promociones
FN:9,(anonymous_1)
FN:12,(anonymous_2)
FN:12,(anonymous_3)
FN:13,(anonymous_4)
FN:16,(anonymous_5)
FN:17,(anonymous_6)
FN:19,(anonymous_7)
FN:20,(anonymous_8)
FN:20,(anonymous_9)
FN:48,(anonymous_10)
FN:56,(anonymous_11)
FN:94,(anonymous_12)
FN:105,(anonymous_13)
FNF:14
FNH:8
FNDA:4,Promociones
FNDA:1,(anonymous_1)
FNDA:1,(anonymous_2)
FNDA:1,(anonymous_3)
FNDA:1,(anonymous_4)
FNDA:0,(anonymous_5)
FNDA:0,(anonymous_6)
FNDA:0,(anonymous_7)
FNDA:0,(anonymous_8)
FNDA:0,(anonymous_9)
FNDA:3,(anonymous_10)
FNDA:1,(anonymous_11)
FNDA:1,(anonymous_12)
FNDA:0,(anonymous_13)
DA:6,4
DA:7,4
DA:9,4
DA:10,1
DA:11,1
DA:12,1
DA:13,1
DA:16,4
DA:17,0
DA:18,0
DA:19,0
DA:20,0
DA:23,4
DA:49,3
DA:56,1
DA:95,1
DA:105,0
LF:17
LH:12
BRDA:5,0,0,0
BRDA:5,1,0,2
BRDA:11,2,0,0
BRDA:11,2,1,1
BRDA:18,3,0,0
BRDA:18,3,1,0
BRDA:47,4,0,2
BRDA:47,4,1,2
BRDA:47,5,0,4
BRDA:47,5,1,4
BRDA:54,6,0,3
BRDA:54,6,1,1
BRDA:81,7,0,4
BRDA:81,7,1,2
BRDA:81,7,2,1
BRF:15
BRH:11
end_of_record
TN:
SF:src/components/Reviews.jsx
FN:3,Reviews
FN:8,(anonymous_1)
FN:10,(anonymous_2)
FN:11,(anonymous_3)
FN:12,(anonymous_4)
FN:15,(anonymous_5)
FN:70,(anonymous_6)
FN:71,(anonymous_7)
FN:77,(anonymous_8)
FN:92,(anonymous_9)
FNF:10
FNH:0
FNDA:0,Reviews
FNDA:0,(anonymous_1)
FNDA:0,(anonymous_2)
FNDA:0,(anonymous_3)
FNDA:0,(anonymous_4)
FNDA:0,(anonymous_5)
FNDA:0,(anonymous_6)
FNDA:0,(anonymous_7)
FNDA:0,(anonymous_8)
FNDA:0,(anonymous_9)
DA:4,0
DA:5,0
DA:6,0
DA:8,0
DA:9,0
DA:10,0
DA:11,0
DA:12,0
DA:15,0
DA:16,0
DA:17,0
DA:19,0
DA:26,0
DA:27,0
DA:33,0
DA:34,0
DA:35,0
DA:37,0
DA:38,0
DA:39,0
DA:40,0
DA:44,0
DA:45,0
DA:46,0
DA:49,0
DA:50,0
DA:51,0
DA:52,0
DA:54,0
DA:57,0
DA:60,0
DA:61,0
DA:65,0
DA:70,0
DA:72,0
DA:77,0
DA:93,0
LF:37
LH:0
BRDA:16,0,0,0
BRDA:16,0,1,0
BRDA:17,1,0,0
BRDA:17,1,1,0
BRDA:20,2,0,0
BRDA:20,2,1,0
BRDA:21,3,0,0
BRDA:21,3,1,0
BRDA:37,4,0,0
BRDA:37,4,1,0
BRDA:38,5,0,0
BRDA:38,5,1,0
BRDA:38,5,2,0
BRDA:38,5,3,0
BRDA:38,5,4,0
BRDA:51,6,0,0
BRDA:51,6,1,0
BRDA:78,7,0,0
BRDA:78,7,1,0
BRDA:89,8,0,0
BRDA:89,8,1,0
BRF:21
BRH:0
end_of_record
TN:
SF:src/components/app.jsx
FN:23,App
FN:29,(anonymous_1)
FN:40,(anonymous_2)
FN:45,(anonymous_3)
FN:50,(anonymous_4)
FN:56,(anonymous_5)
FN:60,(anonymous_6)
FN:65,(anonymous_7)
FN:66,(anonymous_8)
FN:68,(anonymous_9)
FN:77,(anonymous_10)
FN:78,(anonymous_11)
FN:79,(anonymous_12)
FN:81,(anonymous_13)
FN:87,(anonymous_14)
FN:92,(anonymous_15)
FN:99,(anonymous_16)
FN:104,(anonymous_17)
FN:105,(anonymous_18)
FN:118,(anonymous_19)
FN:119,(anonymous_20)
FN:122,(anonymous_21)
FN:126,(anonymous_22)
FN:129,(anonymous_23)
FN:202,(anonymous_24)
FN:213,(anonymous_25)
FN:245,(anonymous_26)
FN:298,(anonymous_27)
FN:312,(anonymous_28)
FN:324,(anonymous_29)
FNF:30
FNH:0
FNDA:0,App
FNDA:0,(anonymous_1)
FNDA:0,(anonymous_2)
FNDA:0,(anonymous_3)
FNDA:0,(anonymous_4)
FNDA:0,(anonymous_5)
FNDA:0,(anonymous_6)
FNDA:0,(anonymous_7)
FNDA:0,(anonymous_8)
FNDA:0,(anonymous_9)
FNDA:0,(anonymous_10)
FNDA:0,(anonymous_11)
FNDA:0,(anonymous_12)
FNDA:0,(anonymous_13)
FNDA:0,(anonymous_14)
FNDA:0,(anonymous_15)
FNDA:0,(anonymous_16)
FNDA:0,(anonymous_17)
FNDA:0,(anonymous_18)
FNDA:0,(anonymous_19)
FNDA:0,(anonymous_20)
FNDA:0,(anonymous_21)
FNDA:0,(anonymous_22)
FNDA:0,(anonymous_23)
FNDA:0,(anonymous_24)
FNDA:0,(anonymous_25)
FNDA:0,(anonymous_26)
FNDA:0,(anonymous_27)
FNDA:0,(anonymous_28)
FNDA:0,(anonymous_29)
DA:24,0
DA:26,0
DA:27,0
DA:28,0
DA:29,0
DA:30,0
DA:31,0
DA:34,0
DA:35,0
DA:38,0
DA:40,0
DA:41,0
DA:42,0
DA:45,0
DA:46,0
DA:47,0
DA:50,0
DA:51,0
DA:52,0
DA:53,0
DA:56,0
DA:57,0
DA:60,0
DA:61,0
DA:62,0
DA:63,0
DA:65,0
DA:66,0
DA:67,0
DA:69,0
DA:77,0
DA:78,0
DA:79,0
DA:80,0
DA:81,0
DA:82,0
DA:87,0
DA:92,0
DA:93,0
DA:94,0
DA:95,0
DA:96,0
DA:99,0
DA:101,0
DA:102,0
DA:104,0
DA:106,0
DA:107,0
DA:108,0
DA:109,0
DA:115,0
DA:118,0
DA:119,0
DA:122,0
DA:126,0
DA:130,0
DA:131,0
DA:202,0
DA:213,0
DA:246,0
DA:247,0
DA:298,0
DA:312,0
DA:324,0
LF:64
LH:0
BRDA:31,0,0,0
BRDA:31,0,1,0
BRDA:31,1,0,0
BRDA:31,1,1,0
BRDA:47,2,0,0
BRDA:47,2,1,0
BRDA:51,3,0,0
BRDA:51,3,1,0
BRDA:52,4,0,0
BRDA:52,4,1,0
BRDA:52,4,2,0
BRDA:61,5,0,0
BRDA:61,5,1,0
BRDA:67,6,0,0
BRDA:67,6,1,0
BRDA:69,7,0,0
BRDA:69,7,1,0
BRDA:80,8,0,0
BRDA:80,8,1,0
BRDA:80,9,0,0
BRDA:80,9,1,0
BRDA:82,10,0,0
BRDA:82,10,1,0
BRDA:101,11,0,0
BRDA:101,11,1,0
BRDA:109,12,0,0
BRDA:109,12,1,0
BRDA:193,13,0,0
BRDA:193,13,1,0
BRDA:209,14,0,0
BRDA:209,14,1,0
BRDA:351,15,0,0
BRDA:351,15,1,0
BRDA:351,16,0,0
BRDA:351,16,1,0
BRF:35
BRH:0
end_of_record
TN:
SF:src/components/carousel.jsx
FN:4,(anonymous_0)
FN:11,(anonymous_1)
FN:23,(anonymous_2)
FN:36,(anonymous_3)
FNF:4
FNH:0
FNDA:0,(anonymous_0)
FNDA:0,(anonymous_1)
FNDA:0,(anonymous_2)
FNDA:0,(anonymous_3)
DA:4,0
DA:5,0
DA:12,0
DA:24,0
DA:37,0
LF:5
LH:0
BRDA:12,0,0,0
BRDA:12,0,1,0
BRDA:24,1,0,0
BRDA:24,1,1,0
BRF:4
BRH:0
end_of_record
TN:
SF:src/components/ubicacion.jsx
FN:3,UbicacionMapa
FNF:1
FNH:1
FNDA:1,UbicacionMapa
DA:4,1
LF:1
LH:1
BRF:0
BRH:0
end_of_record
TN:
SF:src/components/grilla/grilla.jsx
FN:5,(anonymous_0)
FN:16,(anonymous_1)
FN:21,(anonymous_2)
FN:25,(anonymous_3)
FN:30,(anonymous_4)
FN:31,(anonymous_5)
FN:32,(anonymous_6)
FN:40,(anonymous_7)
FN:41,(anonymous_8)
FN:52,(anonymous_9)
FN:60,(anonymous_10)
FN:67,(anonymous_11)
FN:72,(anonymous_12)
FN:111,(anonymous_13)
FN:112,(anonymous_14)
FN:120,(anonymous_15)
FN:123,(anonymous_16)
FN:131,(anonymous_17)
FN:133,(anonymous_18)
FN:134,(anonymous_19)
FN:135,(anonymous_20)
FN:138,(anonymous_21)
FNF:22
FNH:0
FNDA:0,(anonymous_0)
FNDA:0,(anonymous_1)
FNDA:0,(anonymous_2)
FNDA:0,(anonymous_3)
FNDA:0,(anonymous_4)
FNDA:0,(anonymous_5)
FNDA:0,(anonymous_6)
FNDA:0,(anonymous_7)
FNDA:0,(anonymous_8)
FNDA:0,(anonymous_9)
FNDA:0,(anonymous_10)
FNDA:0,(anonymous_11)
FNDA:0,(anonymous_12)
FNDA:0,(anonymous_13)
FNDA:0,(anonymous_14)
FNDA:0,(anonymous_15)
FNDA:0,(anonymous_16)
FNDA:0,(anonymous_17)
FNDA:0,(anonymous_18)
FNDA:0,(anonymous_19)
FNDA:0,(anonymous_20)
FNDA:0,(anonymous_21)
DA:5,0
DA:6,0
DA:7,0
DA:8,0
DA:9,0
DA:14,0
DA:16,0
DA:17,0
DA:18,0
DA:21,0
DA:22,0
DA:25,0
DA:26,0
DA:27,0
DA:28,0
DA:30,0
DA:31,0
DA:32,0
DA:40,0
DA:41,0
DA:42,0
DA:43,0
DA:44,0
DA:47,0
DA:48,0
DA:49,0
DA:52,0
DA:59,0
DA:60,0
DA:61,0
DA:62,0
DA:63,0
DA:67,0
DA:69,0
DA:71,0
DA:73,0
DA:74,0
DA:75,0
DA:76,0
DA:77,0
DA:78,0
DA:79,0
DA:83,0
DA:85,0
DA:90,0
DA:92,0
DA:93,0
DA:95,0
DA:99,0
DA:106,0
DA:107,0
DA:109,0
DA:112,0
DA:114,0
DA:120,0
DA:123,0
DA:131,0
DA:133,0
DA:134,0
DA:135,0
DA:138,0
LF:61
LH:0
BRDA:14,0,0,0
BRDA:14,0,1,0
BRDA:14,1,0,0
BRDA:14,1,1,0
BRDA:18,2,0,0
BRDA:18,2,1,0
BRDA:26,3,0,0
BRDA:26,3,1,0
BRDA:27,4,0,0
BRDA:27,4,1,0
BRDA:31,5,0,0
BRDA:31,5,1,0
BRDA:48,6,0,0
BRDA:48,6,1,0
BRDA:52,7,0,0
BRDA:52,7,1,0
BRDA:52,8,0,0
BRDA:52,8,1,0
BRDA:53,9,0,0
BRDA:53,9,1,0
BRDA:54,10,0,0
BRDA:54,10,1,0
BRDA:55,11,0,0
BRDA:55,11,1,0
BRDA:61,12,0,0
BRDA:61,12,1,0
BRDA:75,13,0,0
BRDA:75,13,1,0
BRDA:77,14,0,0
BRDA:77,14,1,0
BRDA:77,14,2,0
BRDA:78,15,0,0
BRDA:78,15,1,0
BRDA:79,16,0,0
BRDA:79,16,1,0
BRDA:106,17,0,0
BRDA:106,17,1,0
BRDA:107,18,0,0
BRDA:107,18,1,0
BRDA:118,19,0,0
BRDA:118,19,1,0
BRDA:124,20,0,0
BRDA:124,20,1,0
BRDA:131,21,0,0
BRDA:131,21,1,0
BRF:45
BRH:0
end_of_record
TN:
SF:src/components/grilla/tarjetaParaLaGrilla.jsx
FN:4,(anonymous_0)
FN:8,(anonymous_1)
FN:9,(anonymous_2)
FN:10,(anonymous_3)
FN:12,(anonymous_4)
FN:20,(anonymous_5)
FN:24,(anonymous_6)
FN:34,(anonymous_7)
FN:36,(anonymous_8)
FN:39,(anonymous_9)
FNF:10
FNH:2
FNDA:1,(anonymous_0)
FNDA:0,(anonymous_1)
FNDA:0,(anonymous_2)
FNDA:0,(anonymous_3)
FNDA:0,(anonymous_4)
FNDA:0,(anonymous_5)
FNDA:0,(anonymous_6)
FNDA:0,(anonymous_7)
FNDA:0,(anonymous_8)
FNDA:1,(anonymous_9)
DA:4,1
DA:12,1
DA:14,1
DA:20,0
DA:24,0
DA:34,0
DA:36,0
DA:39,1
LF:8
LH:4
BRDA:7,0,0,0
BRDA:8,1,0,0
BRDA:9,2,0,0
BRDA:10,3,0,1
BRDA:18,4,0,1
BRDA:18,4,1,0
BRDA:25,5,0,0
BRDA:25,5,1,1
BRDA:32,6,0,0
BRDA:32,6,1,1
BRF:10
BRH:4
end_of_record
TN:
SF:src/login/App.jsx
FN:4,App
FNF:1
FNH:0
FNDA:0,App
DA:5,0
LF:1
LH:0
BRF:0
BRH:0
end_of_record
TN:
SF:src/login/login.jsx
FN:7,Login
FN:13,(anonymous_1)
FN:46,(anonymous_2)
FN:65,(anonymous_3)
FN:74,(anonymous_4)
FN:89,(anonymous_5)
FNF:6
FNH:4
FNDA:8,Login
FNDA:2,(anonymous_1)
FNDA:0,(anonymous_2)
FNDA:2,(anonymous_3)
FNDA:2,(anonymous_4)
FNDA:0,(anonymous_5)
DA:8,8
DA:9,8
DA:10,8
DA:11,8
DA:13,8
DA:14,2
DA:17,2
DA:18,1
DA:19,1
DA:21,1
DA:24,1
DA:25,1
DA:32,1
DA:33,1
DA:34,1
DA:35,1
DA:37,0
DA:40,0
DA:41,0
DA:45,8
DA:46,0
DA:48,8
DA:65,2
DA:74,2
DA:89,0
LF:25
LH:20
BRDA:17,0,0,1
BRDA:17,0,1,1
BRDA:33,1,0,1
BRDA:33,1,1,0
BRDA:34,2,0,1
BRDA:34,2,1,0
BRDA:35,3,0,0
BRDA:35,3,1,1
BRDA:37,4,0,0
BRDA:37,4,1,0
BRDA:45,5,0,0
BRDA:45,5,1,8
BRDA:56,6,0,8
BRDA:56,6,1,0
BRDA:68,7,0,8
BRDA:68,7,1,1
BRF:16
BRH:9
end_of_record
TN:
SF:src/register/App.jsx
FN:4,App
FNF:1
FNH:0
FNDA:0,App
DA:5,0
LF:1
LH:0
BRF:0
BRH:0
end_of_record
TN:
SF:src/register/Register.jsx
FN:6,Register
FN:16,(anonymous_1)
FN:23,(anonymous_2)
FNF:3
FNH:3
FNDA:14,Register
FNDA:10,(anonymous_1)
FNDA:2,(anonymous_2)
DA:7,14
DA:14,14
DA:16,14
DA:17,10
DA:23,14
DA:24,2
DA:26,2
DA:27,1
DA:28,1
DA:30,1
DA:32,1
DA:33,1
DA:46,1
DA:47,1
DA:48,1
DA:49,1
DA:51,0
DA:54,0
DA:58,14
LF:19
LH:17
BRDA:26,0,0,1
BRDA:26,0,1,1
BRDA:47,1,0,1
BRDA:47,1,1,0
BRDA:49,2,0,1
BRDA:49,2,1,0
BRDA:51,3,0,0
BRDA:51,3,1,0
BRDA:60,4,0,14
BRDA:60,4,1,7
BRDA:67,5,0,14
BRDA:67,5,1,1
BRF:12
BRH:8
end_of_record
